#
# There is insufficient memory for the Java Runtime Environment to continue.
# Native memory allocation (malloc) failed to allocate 314572800 bytes for committing reserved memory.
# Possible reasons:
#   The system is out of physical RAM or swap space
#   In 32 bit mode, the process size limit was hit
# Possible solutions:
#   Reduce memory load on the system
#   Increase physical memory or swap space
#   Check if swap backing store is full
#   Use 64 bit Java on a 64 bit OS
#   Decrease Java heap size (-Xmx/-Xms)
#   Decrease number of Java threads
#   Decrease Java thread stack sizes (-Xss)
#   Set larger code cache with -XX:ReservedCodeCacheSize=
# This output file may be truncated or incomplete.
#
#  Out of Memory Error (os_linux.cpp:2827), pid=23683, tid=3059526464
#
# JRE version:  (7.0_91-b02) (build )
# Java VM: OpenJDK Server VM (24.91-b01 mixed mode linux-x86 )
# Derivative: IcedTea 2.6.3
# Distribution: Ubuntu 14.04 LTS, package 7u91-2.6.3-0ubuntu0.14.04.1
# Failed to write core dump. Core dumps have been disabled. To enable core dumping, try "ulimit -c unlimited" before starting Java again
#

---------------  T H R E A D  ---------------

Current thread (0xb6407c00):  JavaThread "Unknown thread" [_thread_in_vm, id=23699, stack(0xb657a000,0xb65cb000)]

Stack: [0xb657a000,0xb65cb000]

---------------  P R O C E S S  ---------------

Java Threads: ( => current thread )

Other Threads:

=>0xb6407c00 (exited) JavaThread "Unknown thread" [_thread_in_vm, id=23699, stack(0xb657a000,0xb65cb000)]

VM state:not at safepoint (not fully initialized)

VM Mutex/Monitor currently owned by a thread: None

GC Heap History (0 events):
No events

Deoptimization events (0 events):
No events

Internal exceptions (0 events):
No events

Events (0 events):
No events


Dynamic libraries:
08048000-08049000 r-xp 00000000 08:08 1621351    /usr/lib/jvm/java-7-openjdk-i386/jre/bin/java
08049000-0804a000 r--p 00000000 08:08 1621351    /usr/lib/jvm/java-7-openjdk-i386/jre/bin/java
0804a000-0804b000 rw-p 00001000 08:08 1621351    /usr/lib/jvm/java-7-openjdk-i386/jre/bin/java
08d52000-08d73000 rw-p 00000000 00:00 0          [heap]
53aaf000-53b05000 rw-p 00000000 00:00 0 
53b05000-53cff000 rw-p 00000000 00:00 0 
53cff000-53d55000 rw-p 00000000 00:00 0 
53d55000-53e54000 rw-p 00000000 00:00 0 
53e54000-53e7f000 rw-p 00000000 00:00 0 
53e7f000-53eff000 rw-p 00000000 00:00 0 
53eff000-53f00000 rw-p 00000000 00:00 0 
66b00000-73300000 rw-p 00000000 00:00 0 
73300000-7ddc0000 rw-p 00000000 00:00 0 
7ddc0000-9dd80000 rw-p 00000000 00:00 0 
9dd80000-a3300000 rw-p 00000000 00:00 0 
a3300000-b3300000 rw-p 00000000 00:00 0 
b3333000-b333c000 rw-p 00000000 00:00 0 
b333c000-b33f3000 rw-p 00000000 00:00 0 
b33f3000-b3633000 rwxp 00000000 00:00 0 
b3633000-b63f3000 rw-p 00000000 00:00 0 
b63f3000-b63fe000 r-xp 00000000 08:08 2114146    /lib/i386-linux-gnu/libnss_files-2.19.so
b63fe000-b63ff000 r--p 0000a000 08:08 2114146    /lib/i386-linux-gnu/libnss_files-2.19.so
b63ff000-b6400000 rw-p 0000b000 08:08 2114146    /lib/i386-linux-gnu/libnss_files-2.19.so
b6400000-b6421000 rw-p 00000000 00:00 0 
b6421000-b6500000 ---p 00000000 00:00 0 
b6506000-b651b000 r-xp 00000000 08:08 2114131    /lib/i386-linux-gnu/libnsl-2.19.so
b651b000-b651c000 r--p 00015000 08:08 2114131    /lib/i386-linux-gnu/libnsl-2.19.so
b651c000-b651d000 rw-p 00016000 08:08 2114131    /lib/i386-linux-gnu/libnsl-2.19.so
b651d000-b651f000 rw-p 00000000 00:00 0 
b6536000-b653e000 r-xp 00000000 08:08 1621486    /usr/lib/jvm/java-7-openjdk-i386/jre/lib/i386/libzip.so
b653e000-b653f000 r--p 00007000 08:08 1621486    /usr/lib/jvm/java-7-openjdk-i386/jre/lib/i386/libzip.so
b653f000-b6540000 rw-p 00008000 08:08 1621486    /usr/lib/jvm/java-7-openjdk-i386/jre/lib/i386/libzip.so
b6540000-b6548000 rw-s 00000000 08:08 2661356    /tmp/hsperfdata_banga/23683
b6548000-b656f000 r-xp 00000000 08:08 1621494    /usr/lib/jvm/java-7-openjdk-i386/jre/lib/i386/libjava.so
b656f000-b6570000 r--p 00026000 08:08 1621494    /usr/lib/jvm/java-7-openjdk-i386/jre/lib/i386/libjava.so
b6570000-b6571000 rw-p 00027000 08:08 1621494    /usr/lib/jvm/java-7-openjdk-i386/jre/lib/i386/libjava.so
b6571000-b6578000 r-xp 00000000 08:08 2114147    /lib/i386-linux-gnu/librt-2.19.so
b6578000-b6579000 r--p 00006000 08:08 2114147    /lib/i386-linux-gnu/librt-2.19.so
b6579000-b657a000 rw-p 00007000 08:08 2114147    /lib/i386-linux-gnu/librt-2.19.so
b657a000-b657d000 ---p 00000000 00:00 0 
b657d000-b65cb000 rw-p 00000000 00:00 0          [stack:23699]
b65cb000-b65e7000 r-xp 00000000 08:08 2098050    /lib/i386-linux-gnu/libgcc_s.so.1
b65e7000-b65e8000 rw-p 0001b000 08:08 2098050    /lib/i386-linux-gnu/libgcc_s.so.1
b65e8000-b662c000 r-xp 00000000 08:08 2114135    /lib/i386-linux-gnu/libm-2.19.so
b662c000-b662d000 r--p 00043000 08:08 2114135    /lib/i386-linux-gnu/libm-2.19.so
b662d000-b662e000 rw-p 00044000 08:08 2114135    /lib/i386-linux-gnu/libm-2.19.so
b662e000-b670a000 r-xp 00000000 08:08 1180766    /usr/lib/i386-linux-gnu/libstdc++.so.6.0.19
b670a000-b670e000 r--p 000dc000 08:08 1180766    /usr/lib/i386-linux-gnu/libstdc++.so.6.0.19
b670e000-b670f000 rw-p 000e0000 08:08 1180766    /usr/lib/i386-linux-gnu/libstdc++.so.6.0.19
b670f000-b6716000 rw-p 00000000 00:00 0 
b6716000-b710a000 r-xp 00000000 08:08 1621502    /usr/lib/jvm/java-7-openjdk-i386/jre/lib/i386/server/libjvm.so
b710a000-b710b000 ---p 009f4000 08:08 1621502    /usr/lib/jvm/java-7-openjdk-i386/jre/lib/i386/server/libjvm.so
b710b000-b715d000 r--p 009f4000 08:08 1621502    /usr/lib/jvm/java-7-openjdk-i386/jre/lib/i386/server/libjvm.so
b715d000-b7171000 rw-p 00a46000 08:08 1621502    /usr/lib/jvm/java-7-openjdk-i386/jre/lib/i386/server/libjvm.so
b7171000-b758f000 rw-p 00000000 00:00 0 
b758f000-b75a7000 r-xp 00000000 08:08 2108961    /lib/i386-linux-gnu/libz.so.1.2.8
b75a7000-b75a8000 r--p 00017000 08:08 2108961    /lib/i386-linux-gnu/libz.so.1.2.8
b75a8000-b75a9000 rw-p 00018000 08:08 2108961    /lib/i386-linux-gnu/libz.so.1.2.8
b75a9000-b75c1000 r-xp 00000000 08:08 2114142    /lib/i386-linux-gnu/libpthread-2.19.so
b75c1000-b75c2000 r--p 00018000 08:08 2114142    /lib/i386-linux-gnu/libpthread-2.19.so
b75c2000-b75c3000 rw-p 00019000 08:08 2114142    /lib/i386-linux-gnu/libpthread-2.19.so
b75c3000-b75c5000 rw-p 00000000 00:00 0 
b75c5000-b75c8000 r-xp 00000000 08:08 2114127    /lib/i386-linux-gnu/libdl-2.19.so
b75c8000-b75c9000 r--p 00002000 08:08 2114127    /lib/i386-linux-gnu/libdl-2.19.so
b75c9000-b75ca000 rw-p 00003000 08:08 2114127    /lib/i386-linux-gnu/libdl-2.19.so
b75ca000-b7772000 r-xp 00000000 08:08 2114126    /lib/i386-linux-gnu/libc-2.19.so
b7772000-b7774000 r--p 001a8000 08:08 2114126    /lib/i386-linux-gnu/libc-2.19.so
b7774000-b7775000 rw-p 001aa000 08:08 2114126    /lib/i386-linux-gnu/libc-2.19.so
b7775000-b7778000 rw-p 00000000 00:00 0 
b777a000-b7784000 r-xp 00000000 08:08 2114130    /lib/i386-linux-gnu/libnss_nis-2.19.so
b7784000-b7785000 r--p 00009000 08:08 2114130    /lib/i386-linux-gnu/libnss_nis-2.19.so
b7785000-b7786000 rw-p 0000a000 08:08 2114130    /lib/i386-linux-gnu/libnss_nis-2.19.so
b7786000-b778d000 r-xp 00000000 08:08 2114137    /lib/i386-linux-gnu/libnss_compat-2.19.so
b778d000-b778e000 r--p 00006000 08:08 2114137    /lib/i386-linux-gnu/libnss_compat-2.19.so
b778e000-b778f000 rw-p 00007000 08:08 2114137    /lib/i386-linux-gnu/libnss_compat-2.19.so
b778f000-b7790000 rw-p 00000000 00:00 0 
b7790000-b7791000 r--p 00000000 00:00 0 
b7791000-b779f000 r-xp 00000000 08:08 1621510    /usr/lib/jvm/java-7-openjdk-i386/jre/lib/i386/libverify.so
b779f000-b77a0000 r--p 0000d000 08:08 1621510    /usr/lib/jvm/java-7-openjdk-i386/jre/lib/i386/libverify.so
b77a0000-b77a1000 rw-p 0000e000 08:08 1621510    /usr/lib/jvm/java-7-openjdk-i386/jre/lib/i386/libverify.so
b77a1000-b77ad000 r-xp 00000000 08:08 1621511    /usr/lib/jvm/java-7-openjdk-i386/jre/lib/i386/jli/libjli.so
b77ad000-b77ae000 r--p 0000c000 08:08 1621511    /usr/lib/jvm/java-7-openjdk-i386/jre/lib/i386/jli/libjli.so
b77ae000-b77af000 rw-p 0000d000 08:08 1621511    /usr/lib/jvm/java-7-openjdk-i386/jre/lib/i386/jli/libjli.so
b77af000-b77b2000 rw-p 00000000 00:00 0 
b77b2000-b77b3000 r-xp 00000000 00:00 0          [vdso]
b77b3000-b77d3000 r-xp 00000000 08:08 2114128    /lib/i386-linux-gnu/ld-2.19.so
b77d3000-b77d4000 r--p 0001f000 08:08 2114128    /lib/i386-linux-gnu/ld-2.19.so
b77d4000-b77d5000 rw-p 00020000 08:08 2114128    /lib/i386-linux-gnu/ld-2.19.so
bfca2000-bfca3000 rwxp 00000000 00:00 0 
bfcd4000-bfcf6000 rw-p 00000000 00:00 0          [stack]

VM Arguments:
jvm_args: -Xms256m -Xmx512m -Dclassworlds.conf=/usr/local/apache-maven/apache-maven-3.3.3/bin/m2.conf -Dmaven.home=/usr/local/apache-maven/apache-maven-3.3.3 -Dmaven.multiModuleProjectDirectory=/home/banga/IdeaProjects/openmrs-dev/core -Xmx1024M -Xms256M -XX:MaxPermSize=500m -XX:PermSize=300m 
java_command: org.codehaus.plexus.classworlds.launcher.Launcher clean install -DSkipTests
Launcher Type: SUN_STANDARD

Environment Variables:
JAVA_HOME=/usr/lib/jvm/java-1.7.0-openjdk-i386
_JAVA_OPTIONS=-Xmx1024M -Xms256M -XX:MaxPermSize=500m -XX:PermSize=300m
CLASSPATH=/home/banga/idea-IU-141.713.2/bin/../lib/bootstrap.jar:/home/banga/idea-IU-141.713.2/bin/../lib/extensions.jar:/home/banga/idea-IU-141.713.2/bin/../lib/util.jar:/home/banga/idea-IU-141.713.2/bin/../lib/jdom.jar:/home/banga/idea-IU-141.713.2/bin/../lib/log4j.jar:/home/banga/idea-IU-141.713.2/bin/../lib/trove4j.jar:/home/banga/idea-IU-141.713.2/bin/../lib/jna.jar:/usr/lib/jvm/java-1.7.0-openjdk-i386/lib/tools.jar
PATH=/usr/local/bin:/usr/local/sbin:/user/local/mysql/bin:/home/banga/Documents/google_appengine/:/home/banga/mongodb-linux-i686-2.4.11/bin/:/home/banga/idea-IU-141.713.2/bin:/home/banga/gradle-2.1/bin/:/home/banga/Komodo-Edit-8/bin:/usr/local/sbin:/usr/local/bin:/usr/sbin:/usr/bin:/sbin:/bin:/usr/games:/usr/local/games:/opt/android-sdk-linux/tools:/opt/android-sdk-linux/platform-tools:/usr/local/apache-maven/apache-maven-3.3.3/bin:/home/banga/omnetpp-4.6/bin
LD_LIBRARY_PATH=/home/banga/idea-IU-141.713.2/bin::/home/banga/omnetpp-4.6/lib
SHELL=/bin/bash
DISPLAY=:0

Signal Handlers:
SIGSEGV: [libjvm.so+0x811920], sa_mask[0]=0x7ffbfeff, sa_flags=0x10000004
SIGBUS: [libjvm.so+0x811920], sa_mask[0]=0x7ffbfeff, sa_flags=0x10000004
SIGFPE: [libjvm.so+0x688d70], sa_mask[0]=0x7ffbfeff, sa_flags=0x10000004
SIGPIPE: [libjvm.so+0x688d70], sa_mask[0]=0x7ffbfeff, sa_flags=0x10000004
SIGXFSZ: [libjvm.so+0x688d70], sa_mask[0]=0x7ffbfeff, sa_flags=0x10000004
SIGILL: [libjvm.so+0x688d70], sa_mask[0]=0x7ffbfeff, sa_flags=0x10000004
SIGUSR1: SIG_DFL, sa_mask[0]=0x00000000, sa_flags=0x00000000
SIGUSR2: [libjvm.so+0x688c00], sa_mask[0]=0x00000004, sa_flags=0x10000004
SIGHUP: SIG_DFL, sa_mask[0]=0x00000000, sa_flags=0x00000000
SIGINT: SIG_DFL, sa_mask[0]=0x00000000, sa_flags=0x00000000
SIGTERM: SIG_DFL, sa_mask[0]=0x00000000, sa_flags=0x00000000
SIGQUIT: SIG_DFL, sa_mask[0]=0x00000000, sa_flags=0x00000000
SIGTRAP: SIG_DFL, sa_mask[0]=0x00000000, sa_flags=0x00000000


---------------  S Y S T E M  ---------------

OS:Ubuntu 14.04 (trusty)
uname:Linux 3.13.0-74-generic #118-Ubuntu SMP Thu Dec 17 22:52:02 UTC 2015 i686
libc:glibc 2.19 NPTL 2.19 
rlimit: STACK 8192k, CORE 0k, NPROC 31788, NOFILE 4096, AS infinity
load average:4.61 2.67 1.69

/proc/meminfo:
MemTotal:        4095592 kB
MemFree:          235620 kB
Buffers:            2344 kB
Cached:           410800 kB
SwapCached:        26900 kB
Active:          2786776 kB
Inactive:         949460 kB
Active(anon):    2751288 kB
Inactive(anon):   906676 kB
Active(file):      35488 kB
Inactive(file):    42784 kB
Unevictable:         372 kB
Mlocked:             372 kB
HighTotal:       3240708 kB
HighFree:          53580 kB
LowTotal:         854884 kB
LowFree:          182040 kB
SwapTotal:       2054140 kB
SwapFree:         183288 kB
Dirty:               368 kB
Writeback:             0 kB
AnonPages:       3307012 kB
Mapped:           206648 kB
Shmem:            334896 kB
Slab:              56140 kB
SReclaimable:      29860 kB
SUnreclaim:        26280 kB
KernelStack:        8016 kB
PageTables:        35776 kB
NFS_Unstable:          0 kB
Bounce:                0 kB
WritebackTmp:          0 kB
CommitLimit:     4101936 kB
Committed_AS:   18424328 kB
VmallocTotal:     122880 kB
VmallocUsed:       20144 kB
VmallocChunk:      95992 kB
HardwareCorrupted:     0 kB
AnonHugePages:    991232 kB
HugePages_Total:       0
HugePages_Free:        0
HugePages_Rsvd:        0
HugePages_Surp:        0
Hugepagesize:       2048 kB
DirectMap4k:       40952 kB
DirectMap2M:      872448 kB


CPU:total 2 (2 cores per cpu, 1 threads per core) family 6 model 23 stepping 10, cmov, cx8, fxsr, mmx, sse, sse2, sse3, ssse3, tsc

/proc/cpuinfo:
processor	: 0
vendor_id	: GenuineIntel
cpu family	: 6
model		: 23
model name	: Pentium(R) Dual-Core CPU       T4500  @ 2.30GHz
stepping	: 10
microcode	: 0xa07
cpu MHz		: 2300.000
cache size	: 1024 KB
physical id	: 0
siblings	: 2
core id		: 0
cpu cores	: 2
apicid		: 0
initial apicid	: 0
fdiv_bug	: no
f00f_bug	: no
coma_bug	: no
fpu		: yes
fpu_exception	: yes
cpuid level	: 13
wp		: yes
flags		: fpu vme de pse tsc msr pae mce cx8 apic sep mtrr pge mca cmov pat pse36 clflush dts acpi mmx fxsr sse sse2 ss ht tm pbe nx lm constant_tsc arch_perfmon pebs bts aperfmperf pni dtes64 monitor ds_cpl est tm2 ssse3 cx16 xtpr pdcm xsave lahf_lm dtherm
bogomips	: 4588.57
clflush size	: 64
cache_alignment	: 64
address sizes	: 36 bits physical, 48 bits virtual
power management:

processor	: 1
vendor_id	: GenuineIntel
cpu family	: 6
model		: 23
model name	: Pentium(R) Dual-Core CPU       T4500  @ 2.30GHz
stepping	: 10
microcode	: 0xa07
cpu MHz		: 2300.000
cache size	: 1024 KB
physical id	: 0
siblings	: 2
core id		: 1
cpu cores	: 2
apicid		: 1
initial apicid	: 1
fdiv_bug	: no
f00f_bug	: no
coma_bug	: no
fpu		: yes
fpu_exception	: yes
cpuid level	: 13
wp		: yes
flags		: fpu vme de pse tsc msr pae mce cx8 apic sep mtrr pge mca cmov pat pse36 clflush dts acpi mmx fxsr sse sse2 ss ht tm pbe nx lm constant_tsc arch_perfmon pebs bts aperfmperf pni dtes64 monitor ds_cpl est tm2 ssse3 cx16 xtpr pdcm xsave lahf_lm dtherm
bogomips	: 4588.57
clflush size	: 64
cache_alignment	: 64
address sizes	: 36 bits physical, 48 bits virtual
power management:



Memory: 4k page, physical 4095592k(235620k free), swap 2054140k(183288k free)

vm_info: OpenJDK Server VM (24.91-b01) for linux-x86 JRE (1.7.0_91-b02), built on Nov 19 2015 06:19:32 by "buildd" with gcc 4.8.2

time: Mon Jan 25 18:01:50 2016
elapsed time: 1 seconds

