#
# There is insufficient memory for the Java Runtime Environment to continue.
# Native memory allocation (malloc) failed to allocate 314572800 bytes for committing reserved memory.
# Possible reasons:
#   The system is out of physical RAM or swap space
#   In 32 bit mode, the process size limit was hit
# Possible solutions:
#   Reduce memory load on the system
#   Increase physical memory or swap space
#   Check if swap backing store is full
#   Use 64 bit Java on a 64 bit OS
#   Decrease Java heap size (-Xmx/-Xms)
#   Decrease number of Java threads
#   Decrease Java thread stack sizes (-Xss)
#   Set larger code cache with -XX:ReservedCodeCacheSize=
# This output file may be truncated or incomplete.
#
#  Out of Memory Error (os_linux.cpp:2827), pid=23712, tid=3059149632
#
# JRE version:  (7.0_91-b02) (build )
# Java VM: OpenJDK Server VM (24.91-b01 mixed mode linux-x86 )
# Derivative: IcedTea 2.6.3
# Distribution: Ubuntu 14.04 LTS, package 7u91-2.6.3-0ubuntu0.14.04.1
# Failed to write core dump. Core dumps have been disabled. To enable core dumping, try "ulimit -c unlimited" before starting Java again
#

---------------  T H R E A D  ---------------

Current thread (0xb6407c00):  JavaThread "Unknown thread" [_thread_in_vm, id=23727, stack(0xb651e000,0xb656f000)]

Stack: [0xb651e000,0xb656f000]

---------------  P R O C E S S  ---------------

Java Threads: ( => current thread )

Other Threads:

=>0xb6407c00 (exited) JavaThread "Unknown thread" [_thread_in_vm, id=23727, stack(0xb651e000,0xb656f000)]

VM state:not at safepoint (not fully initialized)

VM Mutex/Monitor currently owned by a thread: None

GC Heap History (0 events):
No events

Deoptimization events (0 events):
No events

Internal exceptions (0 events):
No events

Events (0 events):
No events


Dynamic libraries:
08048000-08049000 r-xp 00000000 08:08 1621351    /usr/lib/jvm/java-7-openjdk-i386/jre/bin/java
08049000-0804a000 r--p 00000000 08:08 1621351    /usr/lib/jvm/java-7-openjdk-i386/jre/bin/java
0804a000-0804b000 rw-p 00001000 08:08 1621351    /usr/lib/jvm/java-7-openjdk-i386/jre/bin/java
08050000-08071000 rw-p 00000000 00:00 0          [heap]
53a6f000-53ac5000 rw-p 00000000 00:00 0 
53ac5000-53cbf000 rw-p 00000000 00:00 0 
53cbf000-53d15000 rw-p 00000000 00:00 0 
53d15000-53e14000 rw-p 00000000 00:00 0 
53e14000-53e3f000 rw-p 00000000 00:00 0 
53e3f000-53ebf000 rw-p 00000000 00:00 0 
53ebf000-53ec0000 rw-p 00000000 00:00 0 
66ac0000-732c0000 rw-p 00000000 00:00 0 
732c0000-7dd80000 rw-p 00000000 00:00 0 
7dd80000-9dd40000 rw-p 00000000 00:00 0 
9dd40000-a32c0000 rw-p 00000000 00:00 0 
a32c0000-b32c0000 rw-p 00000000 00:00 0 
b32d5000-b32de000 rw-p 00000000 00:00 0 
b32de000-b3395000 rw-p 00000000 00:00 0 
b3395000-b35d5000 rwxp 00000000 00:00 0 
b35d5000-b6395000 rw-p 00000000 00:00 0 
b6395000-b63aa000 r-xp 00000000 08:08 2114131    /lib/i386-linux-gnu/libnsl-2.19.so
b63aa000-b63ab000 r--p 00015000 08:08 2114131    /lib/i386-linux-gnu/libnsl-2.19.so
b63ab000-b63ac000 rw-p 00016000 08:08 2114131    /lib/i386-linux-gnu/libnsl-2.19.so
b63ac000-b63ae000 rw-p 00000000 00:00 0 
b63cd000-b63d5000 r-xp 00000000 08:08 1621486    /usr/lib/jvm/java-7-openjdk-i386/jre/lib/i386/libzip.so
b63d5000-b63d6000 r--p 00007000 08:08 1621486    /usr/lib/jvm/java-7-openjdk-i386/jre/lib/i386/libzip.so
b63d6000-b63d7000 rw-p 00008000 08:08 1621486    /usr/lib/jvm/java-7-openjdk-i386/jre/lib/i386/libzip.so
b63d7000-b63fe000 r-xp 00000000 08:08 1621494    /usr/lib/jvm/java-7-openjdk-i386/jre/lib/i386/libjava.so
b63fe000-b63ff000 r--p 00026000 08:08 1621494    /usr/lib/jvm/java-7-openjdk-i386/jre/lib/i386/libjava.so
b63ff000-b6400000 rw-p 00027000 08:08 1621494    /usr/lib/jvm/java-7-openjdk-i386/jre/lib/i386/libjava.so
b6400000-b6421000 rw-p 00000000 00:00 0 
b6421000-b6500000 ---p 00000000 00:00 0 
b6500000-b6508000 rw-s 00000000 08:08 2661358    /tmp/hsperfdata_banga/23712
b6508000-b6513000 r-xp 00000000 08:08 2114146    /lib/i386-linux-gnu/libnss_files-2.19.so
b6513000-b6514000 r--p 0000a000 08:08 2114146    /lib/i386-linux-gnu/libnss_files-2.19.so
b6514000-b6515000 rw-p 0000b000 08:08 2114146    /lib/i386-linux-gnu/libnss_files-2.19.so
b6515000-b651c000 r-xp 00000000 08:08 2114147    /lib/i386-linux-gnu/librt-2.19.so
b651c000-b651d000 r--p 00006000 08:08 2114147    /lib/i386-linux-gnu/librt-2.19.so
b651d000-b651e000 rw-p 00007000 08:08 2114147    /lib/i386-linux-gnu/librt-2.19.so
b651e000-b6521000 ---p 00000000 00:00 0 
b6521000-b656f000 rw-p 00000000 00:00 0          [stack:23727]
b656f000-b658b000 r-xp 00000000 08:08 2098050    /lib/i386-linux-gnu/libgcc_s.so.1
b658b000-b658c000 rw-p 0001b000 08:08 2098050    /lib/i386-linux-gnu/libgcc_s.so.1
b658c000-b65d0000 r-xp 00000000 08:08 2114135    /lib/i386-linux-gnu/libm-2.19.so
b65d0000-b65d1000 r--p 00043000 08:08 2114135    /lib/i386-linux-gnu/libm-2.19.so
b65d1000-b65d2000 rw-p 00044000 08:08 2114135    /lib/i386-linux-gnu/libm-2.19.so
b65d2000-b66ae000 r-xp 00000000 08:08 1180766    /usr/lib/i386-linux-gnu/libstdc++.so.6.0.19
b66ae000-b66b2000 r--p 000dc000 08:08 1180766    /usr/lib/i386-linux-gnu/libstdc++.so.6.0.19
b66b2000-b66b3000 rw-p 000e0000 08:08 1180766    /usr/lib/i386-linux-gnu/libstdc++.so.6.0.19
b66b3000-b66ba000 rw-p 00000000 00:00 0 
b66ba000-b70ae000 r-xp 00000000 08:08 1621502    /usr/lib/jvm/java-7-openjdk-i386/jre/lib/i386/server/libjvm.so
b70ae000-b70af000 ---p 009f4000 08:08 1621502    /usr/lib/jvm/java-7-openjdk-i386/jre/lib/i386/server/libjvm.so
b70af000-b7101000 r--p 009f4000 08:08 1621502    /usr/lib/jvm/java-7-openjdk-i386/jre/lib/i386/server/libjvm.so
b7101000-b7115000 rw-p 00a46000 08:08 1621502    /usr/lib/jvm/java-7-openjdk-i386/jre/lib/i386/server/libjvm.so
b7115000-b7533000 rw-p 00000000 00:00 0 
b7533000-b754b000 r-xp 00000000 08:08 2108961    /lib/i386-linux-gnu/libz.so.1.2.8
b754b000-b754c000 r--p 00017000 08:08 2108961    /lib/i386-linux-gnu/libz.so.1.2.8
b754c000-b754d000 rw-p 00018000 08:08 2108961    /lib/i386-linux-gnu/libz.so.1.2.8
b754d000-b7565000 r-xp 00000000 08:08 2114142    /lib/i386-linux-gnu/libpthread-2.19.so
b7565000-b7566000 r--p 00018000 08:08 2114142    /lib/i386-linux-gnu/libpthread-2.19.so
b7566000-b7567000 rw-p 00019000 08:08 2114142    /lib/i386-linux-gnu/libpthread-2.19.so
b7567000-b7569000 rw-p 00000000 00:00 0 
b7569000-b756c000 r-xp 00000000 08:08 2114127    /lib/i386-linux-gnu/libdl-2.19.so
b756c000-b756d000 r--p 00002000 08:08 2114127    /lib/i386-linux-gnu/libdl-2.19.so
b756d000-b756e000 rw-p 00003000 08:08 2114127    /lib/i386-linux-gnu/libdl-2.19.so
b756e000-b7716000 r-xp 00000000 08:08 2114126    /lib/i386-linux-gnu/libc-2.19.so
b7716000-b7718000 r--p 001a8000 08:08 2114126    /lib/i386-linux-gnu/libc-2.19.so
b7718000-b7719000 rw-p 001aa000 08:08 2114126    /lib/i386-linux-gnu/libc-2.19.so
b7719000-b771c000 rw-p 00000000 00:00 0 
b771e000-b7728000 r-xp 00000000 08:08 2114130    /lib/i386-linux-gnu/libnss_nis-2.19.so
b7728000-b7729000 r--p 00009000 08:08 2114130    /lib/i386-linux-gnu/libnss_nis-2.19.so
b7729000-b772a000 rw-p 0000a000 08:08 2114130    /lib/i386-linux-gnu/libnss_nis-2.19.so
b772a000-b7731000 r-xp 00000000 08:08 2114137    /lib/i386-linux-gnu/libnss_compat-2.19.so
b7731000-b7732000 r--p 00006000 08:08 2114137    /lib/i386-linux-gnu/libnss_compat-2.19.so
b7732000-b7733000 rw-p 00007000 08:08 2114137    /lib/i386-linux-gnu/libnss_compat-2.19.so
b7733000-b7734000 rw-p 00000000 00:00 0 
b7734000-b7735000 r--p 00000000 00:00 0 
b7735000-b7743000 r-xp 00000000 08:08 1621510    /usr/lib/jvm/java-7-openjdk-i386/jre/lib/i386/libverify.so
b7743000-b7744000 r--p 0000d000 08:08 1621510    /usr/lib/jvm/java-7-openjdk-i386/jre/lib/i386/libverify.so
b7744000-b7745000 rw-p 0000e000 08:08 1621510    /usr/lib/jvm/java-7-openjdk-i386/jre/lib/i386/libverify.so
b7745000-b7751000 r-xp 00000000 08:08 1621511    /usr/lib/jvm/java-7-openjdk-i386/jre/lib/i386/jli/libjli.so
b7751000-b7752000 r--p 0000c000 08:08 1621511    /usr/lib/jvm/java-7-openjdk-i386/jre/lib/i386/jli/libjli.so
b7752000-b7753000 rw-p 0000d000 08:08 1621511    /usr/lib/jvm/java-7-openjdk-i386/jre/lib/i386/jli/libjli.so
b7753000-b7756000 rw-p 00000000 00:00 0 
b7756000-b7757000 r-xp 00000000 00:00 0          [vdso]
b7757000-b7777000 r-xp 00000000 08:08 2114128    /lib/i386-linux-gnu/ld-2.19.so
b7777000-b7778000 r--p 0001f000 08:08 2114128    /lib/i386-linux-gnu/ld-2.19.so
b7778000-b7779000 rw-p 00020000 08:08 2114128    /lib/i386-linux-gnu/ld-2.19.so
bfc0a000-bfc0b000 rwxp 00000000 00:00 0 
bfc3c000-bfc5e000 rw-p 00000000 00:00 0          [stack]

VM Arguments:
jvm_args: -Xms256m -Xmx512m -Dclassworlds.conf=/usr/local/apache-maven/apache-maven-3.3.3/bin/m2.conf -Dmaven.home=/usr/local/apache-maven/apache-maven-3.3.3 -Dmaven.multiModuleProjectDirectory=/home/banga/IdeaProjects/openmrs-dev/core -Xmx1024M -Xms256M -XX:MaxPermSize=500m -XX:PermSize=300m 
java_command: org.codehaus.plexus.classworlds.launcher.Launcher clean install -DSkiptests
Launcher Type: SUN_STANDARD

Environment Variables:
JAVA_HOME=/usr/lib/jvm/java-1.7.0-openjdk-i386
_JAVA_OPTIONS=-Xmx1024M -Xms256M -XX:MaxPermSize=500m -XX:PermSize=300m
CLASSPATH=/home/banga/idea-IU-141.713.2/bin/../lib/bootstrap.jar:/home/banga/idea-IU-141.713.2/bin/../lib/extensions.jar:/home/banga/idea-IU-141.713.2/bin/../lib/util.jar:/home/banga/idea-IU-141.713.2/bin/../lib/jdom.jar:/home/banga/idea-IU-141.713.2/bin/../lib/log4j.jar:/home/banga/idea-IU-141.713.2/bin/../lib/trove4j.jar:/home/banga/idea-IU-141.713.2/bin/../lib/jna.jar:/usr/lib/jvm/java-1.7.0-openjdk-i386/lib/tools.jar
PATH=/usr/local/bin:/usr/local/sbin:/user/local/mysql/bin:/home/banga/Documents/google_appengine/:/home/banga/mongodb-linux-i686-2.4.11/bin/:/home/banga/idea-IU-141.713.2/bin:/home/banga/gradle-2.1/bin/:/home/banga/Komodo-Edit-8/bin:/usr/local/sbin:/usr/local/bin:/usr/sbin:/usr/bin:/sbin:/bin:/usr/games:/usr/local/games:/opt/android-sdk-linux/tools:/opt/android-sdk-linux/platform-tools:/usr/local/apache-maven/apache-maven-3.3.3/bin:/home/banga/omnetpp-4.6/bin
LD_LIBRARY_PATH=/home/banga/idea-IU-141.713.2/bin::/home/banga/omnetpp-4.6/lib
SHELL=/bin/bash
DISPLAY=:0

Signal Handlers:
SIGSEGV: [libjvm.so+0x811920], sa_mask[0]=0x7ffbfeff, sa_flags=0x10000004
SIGBUS: [libjvm.so+0x811920], sa_mask[0]=0x7ffbfeff, sa_flags=0x10000004
SIGFPE: [libjvm.so+0x688d70], sa_mask[0]=0x7ffbfeff, sa_flags=0x10000004
SIGPIPE: [libjvm.so+0x688d70], sa_mask[0]=0x7ffbfeff, sa_flags=0x10000004
SIGXFSZ: [libjvm.so+0x688d70], sa_mask[0]=0x7ffbfeff, sa_flags=0x10000004
SIGILL: [libjvm.so+0x688d70], sa_mask[0]=0x7ffbfeff, sa_flags=0x10000004
SIGUSR1: SIG_DFL, sa_mask[0]=0x00000000, sa_flags=0x00000000
SIGUSR2: [libjvm.so+0x688c00], sa_mask[0]=0x00000004, sa_flags=0x10000004
SIGHUP: SIG_DFL, sa_mask[0]=0x00000000, sa_flags=0x00000000
SIGINT: SIG_DFL, sa_mask[0]=0x00000000, sa_flags=0x00000000
SIGTERM: SIG_DFL, sa_mask[0]=0x00000000, sa_flags=0x00000000
SIGQUIT: SIG_DFL, sa_mask[0]=0x00000000, sa_flags=0x00000000
SIGTRAP: SIG_DFL, sa_mask[0]=0x00000000, sa_flags=0x00000000


---------------  S Y S T E M  ---------------

OS:Ubuntu 14.04 (trusty)
uname:Linux 3.13.0-74-generic #118-Ubuntu SMP Thu Dec 17 22:52:02 UTC 2015 i686
libc:glibc 2.19 NPTL 2.19 
rlimit: STACK 8192k, CORE 0k, NPROC 31788, NOFILE 4096, AS infinity
load average:5.02 2.85 1.77

/proc/meminfo:
MemTotal:        4095592 kB
MemFree:          232696 kB
Buffers:            1788 kB
Cached:           422828 kB
SwapCached:        33296 kB
Active:          2779092 kB
Inactive:         959512 kB
Active(anon):    2741776 kB
Inactive(anon):   901304 kB
Active(file):      37316 kB
Inactive(file):    58208 kB
Unevictable:         372 kB
Mlocked:             372 kB
HighTotal:       3240708 kB
HighFree:          50044 kB
LowTotal:         854884 kB
LowFree:          182652 kB
SwapTotal:       2054140 kB
SwapFree:         153344 kB
Dirty:               268 kB
Writeback:             0 kB
AnonPages:       3286892 kB
Mapped:           207692 kB
Shmem:            328952 kB
Slab:              56068 kB
SReclaimable:      29844 kB
SUnreclaim:        26224 kB
KernelStack:        8056 kB
PageTables:        35904 kB
NFS_Unstable:          0 kB
Bounce:                0 kB
WritebackTmp:          0 kB
CommitLimit:     4101936 kB
Committed_AS:   18443504 kB
VmallocTotal:     122880 kB
VmallocUsed:       20144 kB
VmallocChunk:      95992 kB
HardwareCorrupted:     0 kB
AnonHugePages:    991232 kB
HugePages_Total:       0
HugePages_Free:        0
HugePages_Rsvd:        0
HugePages_Surp:        0
Hugepagesize:       2048 kB
DirectMap4k:       40952 kB
DirectMap2M:      872448 kB


CPU:total 2 (2 cores per cpu, 1 threads per core) family 6 model 23 stepping 10, cmov, cx8, fxsr, mmx, sse, sse2, sse3, ssse3, tsc

/proc/cpuinfo:
processor	: 0
vendor_id	: GenuineIntel
cpu family	: 6
model		: 23
model name	: Pentium(R) Dual-Core CPU       T4500  @ 2.30GHz
stepping	: 10
microcode	: 0xa07
cpu MHz		: 2300.000
cache size	: 1024 KB
physical id	: 0
siblings	: 2
core id		: 0
cpu cores	: 2
apicid		: 0
initial apicid	: 0
fdiv_bug	: no
f00f_bug	: no
coma_bug	: no
fpu		: yes
fpu_exception	: yes
cpuid level	: 13
wp		: yes
flags		: fpu vme de pse tsc msr pae mce cx8 apic sep mtrr pge mca cmov pat pse36 clflush dts acpi mmx fxsr sse sse2 ss ht tm pbe nx lm constant_tsc arch_perfmon pebs bts aperfmperf pni dtes64 monitor ds_cpl est tm2 ssse3 cx16 xtpr pdcm xsave lahf_lm dtherm
bogomips	: 4588.57
clflush size	: 64
cache_alignment	: 64
address sizes	: 36 bits physical, 48 bits virtual
power management:

processor	: 1
vendor_id	: GenuineIntel
cpu family	: 6
model		: 23
model name	: Pentium(R) Dual-Core CPU       T4500  @ 2.30GHz
stepping	: 10
microcode	: 0xa07
cpu MHz		: 2300.000
cache size	: 1024 KB
physical id	: 0
siblings	: 2
core id		: 1
cpu cores	: 2
apicid		: 1
initial apicid	: 1
fdiv_bug	: no
f00f_bug	: no
coma_bug	: no
fpu		: yes
fpu_exception	: yes
cpuid level	: 13
wp		: yes
flags		: fpu vme de pse tsc msr pae mce cx8 apic sep mtrr pge mca cmov pat pse36 clflush dts acpi mmx fxsr sse sse2 ss ht tm pbe nx lm constant_tsc arch_perfmon pebs bts aperfmperf pni dtes64 monitor ds_cpl est tm2 ssse3 cx16 xtpr pdcm xsave lahf_lm dtherm
bogomips	: 4588.57
clflush size	: 64
cache_alignment	: 64
address sizes	: 36 bits physical, 48 bits virtual
power management:



Memory: 4k page, physical 4095592k(232696k free), swap 2054140k(153344k free)

vm_info: OpenJDK Server VM (24.91-b01) for linux-x86 JRE (1.7.0_91-b02), built on Nov 19 2015 06:19:32 by "buildd" with gcc 4.8.2

time: Mon Jan 25 18:02:08 2016
elapsed time: 2 seconds

