#
# A fatal error has been detected by the Java Runtime Environment:
#
#  SIGBUS (0x7) at pc=0xb66b0493, pid=3738, tid=1590340416
#
# JRE version: Java(TM) SE Runtime Environment (7.0_80-b15) (build 1.7.0_80-b15)
# Java VM: Java HotSpot(TM) Server VM (24.80-b11 mixed mode linux-x86 )
# Problematic frame:
# C  [libzip.so+0x4493]  newEntry+0x73
#
# Failed to write core dump. Core dumps have been disabled. To enable core dumping, try "ulimit -c unlimited" before starting Java again
#
# If you would like to submit a bug report, please visit:
#   http://bugreport.java.com/bugreport/crash.jsp
# The crash happened outside the Java Virtual Machine in native code.
# See problematic frame for where to report the bug.
#

---------------  T H R E A D  ---------------

Current thread (0x58c2f800):  JavaThread "Thread-120" daemon [_thread_in_native, id=4434, stack(0x5ec5a000,0x5ecab000)]

siginfo:si_signo=SIGBUS: si_errno=0, si_code=2 (BUS_ADRERR), si_addr=0x5e62a09c

Registers:
EAX=0x62f56be0, EBX=0xb66c3690, ECX=0x5e62a07f, EDX=0x5e62a07f
ESP=0x5eca79a0, EBP=0x5eca7a38, ESI=0x62f56be0, EDI=0x5e61e000
EIP=0xb66b0493, EFLAGS=0x00210202, CR2=0x5e62a09c

Top of Stack: (sp=0x5eca79a0)
0x5eca79a0:   00000034 69e81be4 0b2a6cbd 50367e34
0x5eca79b0:   687ab713 c615e4d0 5eca79f0 b36af387
0x5eca79c0:   2f70dee2 b36af387 a6e282e8 a6e2a668
0x5eca79d0:   5eca79d0 66a72e5a 5eca79fc b6f1427e
0x5eca79e0:   675ee324 66a72e70 00000000 62f56be0
0x5eca79f0:   5d721a78 b42cec7c a6e269c8 b71953e0
0x5eca7a00:   5eca7ac8 0000002e 62f56be0 5e62a07f
0x5eca7a10:   5d721b50 a6e3090c 0000002e b6dbe3bc 

Instructions: (pc=0xb66b0493)
0xb66b0473:   00 0f 84 2e 03 00 00 8b 76 08 8b 4a 1c 8b 7a 10
0xb66b0483:   29 ce 01 fe 89 75 d4 8b 55 d4 8b 4d d4 8b 75 b4
0xb66b0493:   0f b6 52 1d 0f b6 41 1c c1 e2 08 09 c2 89 55 c8
0xb66b04a3:   0f b6 41 1e 88 45 bc 0f b6 51 1f 8b 45 d4 88 55 

Register to memory mapping:

EAX=0x62f56be0 is an unknown value
EBX=0xb66c3690: <offset 0x17690> in /usr/lib/jvm/java-7-oracle/jre/lib/i386/libzip.so at 0xb66ac000
ECX=0x5e62a07f is an unknown value
EDX=0x5e62a07f is an unknown value
ESP=0x5eca79a0 is pointing into the stack for thread: 0x58c2f800
EBP=0x5eca7a38 is pointing into the stack for thread: 0x58c2f800
ESI=0x62f56be0 is an unknown value
EDI=0x5e61e000 is an unknown value


Stack: [0x5ec5a000,0x5ecab000],  sp=0x5eca79a0,  free space=310k
Native frames: (J=compiled Java code, j=interpreted, Vv=VM code, C=native code)
C  [libzip.so+0x4493]  newEntry+0x73
C  [libzip.so+0x4ca8]  ZIP_GetEntry+0xc8
C  [libzip.so+0x3681]  Java_java_util_zip_ZipFile_getEntry+0xc1
J 63  java.util.zip.ZipFile.getEntry(J[BZ)J (0 bytes) @ 0xb370ef47 [0xb370eea0+0xa7]

Java frames: (J=compiled Java code, j=interpreted, Vv=VM code)
J 63  java.util.zip.ZipFile.getEntry(J[BZ)J (0 bytes) @ 0xb370ef03 [0xb370eea0+0x63]
J 671 C2 java.util.zip.ZipFile.getEntry(Ljava/lang/String;)Ljava/util/zip/ZipEntry; (86 bytes) @ 0xb3805a48 [0xb38056e0+0x368]
J 684 C2 sun.misc.URLClassPath$JarLoader.getResource(Ljava/lang/String;Z)Lsun/misc/Resource; (91 bytes) @ 0xb380b084 [0xb380b020+0x64]
J 2600 C2 java.net.URLClassLoader$2.run()Ljava/lang/Object; (5 bytes) @ 0xb3e36b10 [0xb3e36a80+0x90]
v  ~StubRoutines::call_stub
J 2832  java.security.AccessController.doPrivileged(Ljava/security/PrivilegedAction;Ljava/security/AccessControlContext;)Ljava/lang/Object; (0 bytes) @ 0xb3a1b548 [0xb3a1b4e0+0x68]
J 2876 C2 java.net.URLClassLoader.findResource(Ljava/lang/String;)Ljava/net/URL; (37 bytes) @ 0xb377e000 [0xb377dfa0+0x60]
j  org.mortbay.jetty.webapp.WebAppClassLoader.getResource(Ljava/lang/String;)Ljava/net/URL;+46
j  java.lang.ClassLoader.getResource(Ljava/lang/String;)Ljava/net/URL;+12
j  java.net.URLClassLoader.getResourceAsStream(Ljava/lang/String;)Ljava/io/InputStream;+2
j  org.openmrs.util.OpenmrsClassLoader.getResourceAsStream(Ljava/lang/String;)Ljava/io/InputStream;+30
j  org.hibernate.cfg.Configuration.addResource(Ljava/lang/String;)Lorg/hibernate/cfg/Configuration;+42
j  org.hibernate.cfg.AnnotationConfiguration.addResource(Ljava/lang/String;)Lorg/hibernate/cfg/AnnotationConfiguration;+2
j  org.hibernate.cfg.AnnotationConfiguration.addResource(Ljava/lang/String;)Lorg/hibernate/cfg/Configuration;+2
j  org.hibernate.cfg.Configuration.parseMappingElement(Lorg/dom4j/Element;Ljava/lang/String;)V+80
j  org.hibernate.cfg.Configuration.parseSessionFactory(Lorg/dom4j/Element;Ljava/lang/String;)V+51
j  org.hibernate.cfg.Configuration.doConfigure(Lorg/dom4j/Document;)Lorg/hibernate/cfg/Configuration;+49
j  org.hibernate.cfg.AnnotationConfiguration.doConfigure(Lorg/dom4j/Document;)Lorg/hibernate/cfg/AnnotationConfiguration;+2
j  org.hibernate.cfg.AnnotationConfiguration.doConfigure(Lorg/dom4j/Document;)Lorg/hibernate/cfg/Configuration;+2
j  org.hibernate.cfg.Configuration.doConfigure(Ljava/io/InputStream;Ljava/lang/String;)Lorg/hibernate/cfg/Configuration;+67
j  org.hibernate.cfg.AnnotationConfiguration.doConfigure(Ljava/io/InputStream;Ljava/lang/String;)Lorg/hibernate/cfg/AnnotationConfiguration;+3
j  org.hibernate.cfg.AnnotationConfiguration.doConfigure(Ljava/io/InputStream;Ljava/lang/String;)Lorg/hibernate/cfg/Configuration;+3
j  org.hibernate.cfg.Configuration.configure(Ljava/net/URL;)Lorg/hibernate/cfg/Configuration;+40
j  org.hibernate.cfg.AnnotationConfiguration.configure(Ljava/net/URL;)Lorg/hibernate/cfg/AnnotationConfiguration;+2
j  org.hibernate.cfg.AnnotationConfiguration.configure(Ljava/net/URL;)Lorg/hibernate/cfg/Configuration;+2
j  org.springframework.orm.hibernate3.LocalSessionFactoryBean.buildSessionFactory()Lorg/hibernate/SessionFactory;+459
j  org.springframework.orm.hibernate3.AbstractSessionFactoryBean.afterPropertiesSet()V+1
j  org.openmrs.api.db.hibernate.HibernateSessionFactoryBean.afterPropertiesSet()V+55
j  org.springframework.beans.factory.support.AbstractAutowireCapableBeanFactory.invokeInitMethods(Ljava/lang/String;Ljava/lang/Object;Lorg/springframework/beans/factory/support/RootBeanDefinition;)V+107
j  org.springframework.beans.factory.support.AbstractAutowireCapableBeanFactory.initializeBean(Ljava/lang/String;Ljava/lang/Object;Lorg/springframework/beans/factory/support/RootBeanDefinition;)Ljava/lang/Object;+61
j  org.springframework.beans.factory.support.AbstractAutowireCapableBeanFactory.doCreateBean(Ljava/lang/String;Lorg/springframework/beans/factory/support/RootBeanDefinition;[Ljava/lang/Object;)Ljava/lang/Object;+230
j  org.springframework.beans.factory.support.AbstractAutowireCapableBeanFactory.createBean(Ljava/lang/String;Lorg/springframework/beans/factory/support/RootBeanDefinition;[Ljava/lang/Object;)Ljava/lang/Object;+122
j  org.springframework.beans.factory.support.AbstractBeanFactory$1.getObject()Ljava/lang/Object;+16
j  org.springframework.beans.factory.support.DefaultSingletonBeanRegistry.getSingleton(Ljava/lang/String;Lorg/springframework/beans/factory/ObjectFactory;)Ljava/lang/Object;+126
j  org.springframework.beans.factory.support.AbstractBeanFactory.doGetBean(Ljava/lang/String;Ljava/lang/Class;[Ljava/lang/Object;Z)Ljava/lang/Object;+307
j  org.springframework.beans.factory.support.AbstractBeanFactory.getBean(Ljava/lang/String;)Ljava/lang/Object;+5
j  org.springframework.beans.factory.support.BeanDefinitionValueResolver.resolveReference(Ljava/lang/Object;Lorg/springframework/beans/factory/config/RuntimeBeanReference;)Ljava/lang/Object;+94
j  org.springframework.beans.factory.support.BeanDefinitionValueResolver.resolveValueIfNecessary(Ljava/lang/Object;Ljava/lang/Object;)Ljava/lang/Object;+15
j  org.springframework.beans.factory.support.AbstractAutowireCapableBeanFactory.applyPropertyValues(Ljava/lang/String;Lorg/springframework/beans/factory/config/BeanDefinition;Lorg/springframework/beans/BeanWrapper;Lorg/springframework/beans/PropertyValues;)V+231
j  org.springframework.beans.factory.support.AbstractAutowireCapableBeanFactory.populateBean(Ljava/lang/String;Lorg/springframework/beans/factory/support/AbstractBeanDefinition;Lorg/springframework/beans/BeanWrapper;)V+339
j  org.springframework.beans.factory.support.AbstractAutowireCapableBeanFactory.doCreateBean(Ljava/lang/String;Lorg/springframework/beans/factory/support/RootBeanDefinition;[Ljava/lang/Object;)Ljava/lang/Object;+217
j  org.springframework.beans.factory.support.AbstractAutowireCapableBeanFactory.createBean(Ljava/lang/String;Lorg/springframework/beans/factory/support/RootBeanDefinition;[Ljava/lang/Object;)Ljava/lang/Object;+122
j  org.springframework.beans.factory.support.AbstractBeanFactory$1.getObject()Ljava/lang/Object;+16
j  org.springframework.beans.factory.support.DefaultSingletonBeanRegistry.getSingleton(Ljava/lang/String;Lorg/springframework/beans/factory/ObjectFactory;)Ljava/lang/Object;+126
j  org.springframework.beans.factory.support.AbstractBeanFactory.doGetBean(Ljava/lang/String;Ljava/lang/Class;[Ljava/lang/Object;Z)Ljava/lang/Object;+307
j  org.springframework.beans.factory.support.AbstractBeanFactory.getBean(Ljava/lang/String;)Ljava/lang/Object;+5
j  org.springframework.beans.factory.support.BeanDefinitionValueResolver.resolveReference(Ljava/lang/Object;Lorg/springframework/beans/factory/config/RuntimeBeanReference;)Ljava/lang/Object;+94
j  org.springframework.beans.factory.support.BeanDefinitionValueResolver.resolveValueIfNecessary(Ljava/lang/Object;Ljava/lang/Object;)Ljava/lang/Object;+15
j  org.springframework.beans.factory.support.AbstractAutowireCapableBeanFactory.applyPropertyValues(Ljava/lang/String;Lorg/springframework/beans/factory/config/BeanDefinition;Lorg/springframework/beans/BeanWrapper;Lorg/springframework/beans/PropertyValues;)V+231
j  org.springframework.beans.factory.support.AbstractAutowireCapableBeanFactory.populateBean(Ljava/lang/String;Lorg/springframework/beans/factory/support/AbstractBeanDefinition;Lorg/springframework/beans/BeanWrapper;)V+339
j  org.springframework.beans.factory.support.AbstractAutowireCapableBeanFactory.doCreateBean(Ljava/lang/String;Lorg/springframework/beans/factory/support/RootBeanDefinition;[Ljava/lang/Object;)Ljava/lang/Object;+217
j  org.springframework.beans.factory.support.AbstractAutowireCapableBeanFactory.createBean(Ljava/lang/String;Lorg/springframework/beans/factory/support/RootBeanDefinition;[Ljava/lang/Object;)Ljava/lang/Object;+122
j  org.springframework.beans.factory.support.AbstractBeanFactory$1.getObject()Ljava/lang/Object;+16
j  org.springframework.beans.factory.support.DefaultSingletonBeanRegistry.getSingleton(Ljava/lang/String;Lorg/springframework/beans/factory/ObjectFactory;)Ljava/lang/Object;+126
j  org.springframework.beans.factory.support.AbstractBeanFactory.doGetBean(Ljava/lang/String;Ljava/lang/Class;[Ljava/lang/Object;Z)Ljava/lang/Object;+307
j  org.springframework.beans.factory.support.AbstractBeanFactory.getBean(Ljava/lang/String;)Ljava/lang/Object;+5
j  org.springframework.beans.factory.support.BeanDefinitionValueResolver.resolveReference(Ljava/lang/Object;Lorg/springframework/beans/factory/config/RuntimeBeanReference;)Ljava/lang/Object;+94
j  org.springframework.beans.factory.support.BeanDefinitionValueResolver.resolveValueIfNecessary(Ljava/lang/Object;Ljava/lang/Object;)Ljava/lang/Object;+15
j  org.springframework.beans.factory.support.AbstractAutowireCapableBeanFactory.applyPropertyValues(Ljava/lang/String;Lorg/springframework/beans/factory/config/BeanDefinition;Lorg/springframework/beans/BeanWrapper;Lorg/springframework/beans/PropertyValues;)V+231
j  org.springframework.beans.factory.support.AbstractAutowireCapableBeanFactory.populateBean(Ljava/lang/String;Lorg/springframework/beans/factory/support/AbstractBeanDefinition;Lorg/springframework/beans/BeanWrapper;)V+339
j  org.springframework.beans.factory.support.AbstractAutowireCapableBeanFactory.doCreateBean(Ljava/lang/String;Lorg/springframework/beans/factory/support/RootBeanDefinition;[Ljava/lang/Object;)Ljava/lang/Object;+217
j  org.springframework.beans.factory.support.AbstractAutowireCapableBeanFactory.createBean(Ljava/lang/String;Lorg/springframework/beans/factory/support/RootBeanDefinition;[Ljava/lang/Object;)Ljava/lang/Object;+122
j  org.springframework.beans.factory.support.AbstractBeanFactory$1.getObject()Ljava/lang/Object;+16
j  org.springframework.beans.factory.support.DefaultSingletonBeanRegistry.getSingleton(Ljava/lang/String;Lorg/springframework/beans/factory/ObjectFactory;)Ljava/lang/Object;+126
j  org.springframework.beans.factory.support.AbstractBeanFactory.doGetBean(Ljava/lang/String;Ljava/lang/Class;[Ljava/lang/Object;Z)Ljava/lang/Object;+307
j  org.springframework.beans.factory.support.AbstractBeanFactory.getBean(Ljava/lang/String;Ljava/lang/Class;)Ljava/lang/Object;+5
j  org.springframework.aop.framework.autoproxy.BeanFactoryAdvisorRetrievalHelper.findAdvisorBeans()Ljava/util/List;+112
j  org.springframework.aop.framework.autoproxy.AbstractAdvisorAutoProxyCreator.findCandidateAdvisors()Ljava/util/List;+4
j  org.springframework.aop.framework.autoproxy.AbstractAdvisorAutoProxyCreator.findEligibleAdvisors(Ljava/lang/Class;Ljava/lang/String;)Ljava/util/List;+1
j  org.springframework.aop.framework.autoproxy.AbstractAdvisorAutoProxyCreator.getAdvicesAndAdvisorsForBean(Ljava/lang/Class;Ljava/lang/String;Lorg/springframework/aop/TargetSource;)[Ljava/lang/Object;+3
j  org.springframework.aop.framework.autoproxy.AbstractAutoProxyCreator.wrapIfNecessary(Ljava/lang/Object;Ljava/lang/String;Ljava/lang/Object;)Ljava/lang/Object;+73
j  org.springframework.aop.framework.autoproxy.AbstractAutoProxyCreator.postProcessAfterInitialization(Ljava/lang/Object;Ljava/lang/String;)Ljava/lang/Object;+31
j  org.springframework.beans.factory.support.AbstractAutowireCapableBeanFactory.applyBeanPostProcessorsAfterInitialization(Ljava/lang/Object;Ljava/lang/String;)Ljava/lang/Object;+32
j  org.springframework.beans.factory.support.AbstractAutowireCapableBeanFactory.initializeBean(Ljava/lang/String;Ljava/lang/Object;Lorg/springframework/beans/factory/support/RootBeanDefinition;)Ljava/lang/Object;+110
j  org.springframework.beans.factory.support.AbstractAutowireCapableBeanFactory.doCreateBean(Ljava/lang/String;Lorg/springframework/beans/factory/support/RootBeanDefinition;[Ljava/lang/Object;)Ljava/lang/Object;+230
j  org.springframework.beans.factory.support.AbstractAutowireCapableBeanFactory.createBean(Ljava/lang/String;Lorg/springframework/beans/factory/support/RootBeanDefinition;[Ljava/lang/Object;)Ljava/lang/Object;+122
j  org.springframework.beans.factory.support.AbstractBeanFactory$1.getObject()Ljava/lang/Object;+16
j  org.springframework.beans.factory.support.DefaultSingletonBeanRegistry.getSingleton(Ljava/lang/String;Lorg/springframework/beans/factory/ObjectFactory;)Ljava/lang/Object;+126
j  org.springframework.beans.factory.support.AbstractBeanFactory.doGetBean(Ljava/lang/String;Ljava/lang/Class;[Ljava/lang/Object;Z)Ljava/lang/Object;+307
j  org.springframework.beans.factory.support.AbstractBeanFactory.getBean(Ljava/lang/String;)Ljava/lang/Object;+5
j  org.springframework.beans.factory.support.BeanDefinitionValueResolver.resolveReference(Ljava/lang/Object;Lorg/springframework/beans/factory/config/RuntimeBeanReference;)Ljava/lang/Object;+94
j  org.springframework.beans.factory.support.BeanDefinitionValueResolver.resolveValueIfNecessary(Ljava/lang/Object;Ljava/lang/Object;)Ljava/lang/Object;+15
j  org.springframework.beans.factory.support.AbstractAutowireCapableBeanFactory.applyPropertyValues(Ljava/lang/String;Lorg/springframework/beans/factory/config/BeanDefinition;Lorg/springframework/beans/BeanWrapper;Lorg/springframework/beans/PropertyValues;)V+231
j  org.springframework.beans.factory.support.AbstractAutowireCapableBeanFactory.populateBean(Ljava/lang/String;Lorg/springframework/beans/factory/support/AbstractBeanDefinition;Lorg/springframework/beans/BeanWrapper;)V+339
j  org.springframework.beans.factory.support.AbstractAutowireCapableBeanFactory.doCreateBean(Ljava/lang/String;Lorg/springframework/beans/factory/support/RootBeanDefinition;[Ljava/lang/Object;)Ljava/lang/Object;+217
j  org.springframework.beans.factory.support.AbstractAutowireCapableBeanFactory.createBean(Ljava/lang/String;Lorg/springframework/beans/factory/support/RootBeanDefinition;[Ljava/lang/Object;)Ljava/lang/Object;+122
j  org.springframework.beans.factory.support.AbstractBeanFactory$1.getObject()Ljava/lang/Object;+16
j  org.springframework.beans.factory.support.DefaultSingletonBeanRegistry.getSingleton(Ljava/lang/String;Lorg/springframework/beans/factory/ObjectFactory;)Ljava/lang/Object;+126
j  org.springframework.beans.factory.support.AbstractBeanFactory.doGetBean(Ljava/lang/String;Ljava/lang/Class;[Ljava/lang/Object;Z)Ljava/lang/Object;+307
j  org.springframework.beans.factory.support.AbstractBeanFactory.getBean(Ljava/lang/String;Ljava/lang/Class;)Ljava/lang/Object;+5
j  org.springframework.context.support.AbstractApplicationContext.initMessageSource()V+23
j  org.springframework.context.support.AbstractApplicationContext.refresh()V+37
j  org.openmrs.module.ModuleUtil.refreshApplicationContext(Lorg/springframework/context/support/AbstractRefreshableApplicationContext;ZLorg/openmrs/module/Module;)Lorg/springframework/context/support/AbstractRefreshableApplicationContext;+136
j  org.openmrs.module.web.WebModuleUtil.refreshWAC(Ljavax/servlet/ServletContext;ZLorg/openmrs/module/Module;)Lorg/springframework/web/context/support/XmlWebApplicationContext;+56
j  org.openmrs.web.Listener.performWebStartOfModules(Ljavax/servlet/ServletContext;)V+105
j  org.openmrs.web.Listener.startOpenmrs(Ljavax/servlet/ServletContext;)V+54
j  org.openmrs.web.WebDaemon$1.run()V+14
v  ~StubRoutines::call_stub

---------------  P R O C E S S  ---------------

Java Threads: ( => current thread )
=>0x58c2f800 JavaThread "Thread-120" daemon [_thread_in_native, id=4434, stack(0x5ec5a000,0x5ecab000)]
  0x58c15800 JavaThread "Abandoned connection cleanup thread" daemon [_thread_blocked, id=4424, stack(0x5d4af000,0x5d500000)]
  0x62cf8400 JavaThread "Thread-114" daemon [_thread_blocked, id=4423, stack(0x59378000,0x593c9000)]
  0x58e0c000 JavaThread "Timer-12" daemon [_thread_blocked, id=4422, stack(0x5b20d000,0x5b25e000)]
  0x5b550000 JavaThread "idgenTimerFactory" [_thread_blocked, id=4306, stack(0x595af000,0x59600000)]
  0x5f818c00 JavaThread "btpool0-16" [_thread_blocked, id=4270, stack(0x5bb2a000,0x5bb7b000)]
  0x5f818400 JavaThread "btpool0-15" [_thread_blocked, id=4269, stack(0x5ba88000,0x5bad9000)]
  0x5f81a800 JavaThread "btpool0-14" [_thread_blocked, id=4268, stack(0x5ba37000,0x5ba88000)]
  0x5f812800 JavaThread "btpool0-13" [_thread_blocked, id=4267, stack(0x5caaf000,0x5cb00000)]
  0x5f80b400 JavaThread "btpool0-10" [_thread_blocked, id=4093, stack(0x5b2af000,0x5b300000)]
  0x5d0d8800 JavaThread "Timer-5" daemon [_thread_blocked, id=3810, stack(0x5beaf000,0x5bf00000)]
  0x5cb1c800 JavaThread "Abandoned connection cleanup thread" daemon [_thread_blocked, id=3773, stack(0x5e290000,0x5e2e1000)]
  0x5d39fc00 JavaThread "Thread-9" daemon [_thread_blocked, id=3772, stack(0x5e65e000,0x5e6af000)]
  0x5d712400 JavaThread "btpool0-1 - Acceptor0 SelectChannelConnector@0.0.0.0:8080" [_thread_in_native, id=3770, stack(0x5ecab000,0x5ecfc000)]
  0x5ef93800 JavaThread "com.google.common.base.internal.Finalizer" daemon [_thread_blocked, id=3754, stack(0x5f28a000,0x5f2db000)]
  0x5f9bc800 JavaThread "Monitor Ctrl-Break" daemon [_thread_in_native, id=3753, stack(0x5f2db000,0x5f32c000)]
  0x5f99ac00 JavaThread "Service Thread" daemon [_thread_blocked, id=3751, stack(0x5f3ad000,0x5f3fe000)]
  0x5f998c00 JavaThread "C2 CompilerThread1" daemon [_thread_in_native, id=3750, stack(0x5f3fe000,0x5f47f000)]
  0x5f996c00 JavaThread "C2 CompilerThread0" daemon [_thread_in_native, id=3749, stack(0x5f47f000,0x5f500000)]
  0x5f995400 JavaThread "Signal Dispatcher" daemon [_thread_blocked, id=3748, stack(0x5fa23000,0x5fa74000)]
  0x5f984800 JavaThread "Finalizer" daemon [_thread_blocked, id=3747, stack(0x62b2e000,0x62b7f000)]
  0x5f983000 JavaThread "Reference Handler" daemon [_thread_blocked, id=3746, stack(0x62e2e000,0x62e7f000)]
  0xb6707800 JavaThread "main" [_thread_blocked, id=3740, stack(0xb6845000,0xb6896000)]

Other Threads:
  0x5f980800 VMThread [stack: 0x5fa74000,0x5faf5000] [id=3745]
  0x5f99c800 WatcherThread [stack: 0x5f32c000,0x5f3ad000] [id=3752]

VM state:not at safepoint (normal execution)

VM Mutex/Monitor currently owned by a thread: None

Heap
 PSYoungGen      total 287232K, used 191643K [0x9e040000, 0xb35c0000, 0xb35c0000)
  eden space 243200K, 60% used [0x9e040000,0xa707a568,0xacdc0000)
  from space 44032K, 99% used [0xacdc0000,0xaf8ac820,0xaf8c0000)
  to   space 56832K, 0% used [0xafe40000,0xafe40000,0xb35c0000)
 ParOldGen       total 172032K, used 100976K [0x735c0000, 0x7ddc0000, 0x9e040000)
  object space 172032K, 58% used [0x735c0000,0x7985c210,0x7ddc0000)
 PSPermGen       total 92416K, used 76690K [0x635c0000, 0x69000000, 0x735c0000)
  object space 92416K, 82% used [0x635c0000,0x680a4838,0x69000000)

Card table byte_map: [0x6333f000,0x635c0000] byte_map_base: 0x63024200

Polling page: 0xb77b7000

Code Cache  [0xb36ac000, 0xb443c000, 0xb66ac000)
 total_blobs=3819 nmethods=3618 adapters=151 free_code_cache=35410Kb largest_free_block=36117120

Compilation events (10 events):
Event: 988.545 Thread 0x5f996c00 nmethod 4303 0xb43a3888 code [0xb43a3b00, 0xb43a5210]
Event: 988.548 Thread 0x5f996c00 4306             org.apache.xerces.impl.XMLDTDScannerImpl::scanAttlistDecl (448 bytes)
Event: 988.736 Thread 0x5f996c00 nmethod 4306 0xb4430088 code [0xb44308a0, 0xb4433cbc]
Event: 988.740 Thread 0x5f996c00 4307             org.apache.xerces.impl.dtd.XMLDTDProcessor::startGroup (38 bytes)
Event: 988.748 Thread 0x5f996c00 nmethod 4307 0xb4116908 code [0xb4116a40, 0xb4116e30]
Event: 988.751 Thread 0x5f996c00 4308   !         org.apache.xerces.impl.xs.XMLSchemaValidator::findSchemaGrammar (337 bytes)
Event: 988.772 Thread 0x5f996c00 nmethod 4308 0xb41ed748 code [0xb41ed960, 0xb41ee234]
Event: 988.774 Thread 0x5f996c00 4309             org.apache.xerces.impl.dtd.XMLDTDProcessor::occurrence (35 bytes)
Event: 988.778 Thread 0x5f996c00 nmethod 4309 0xb41bf8c8 code [0xb41bfa00, 0xb41bfc90]
Event: 988.780 Thread 0x5f996c00 4310             org.apache.xerces.util.URI::initialize (393 bytes)

GC Heap History (10 events):
Event: 976.591 GC heap before
{Heap before GC invocations=46 (full 5):
 PSYoungGen      total 287232K, used 251222K [0x9e040000, 0xb30c0000, 0xb35c0000)
  eden space 228096K, 100% used [0x9e040000,0xabf00000,0xabf00000)
  from space 59136K, 39% used [0xaf540000,0xb0bd5bb8,0xb2f00000)
  to   space 55552K, 0% used [0xabf00000,0xabf00000,0xaf540000)
 ParOldGen       total 172032K, used 100968K [0x735c0000, 0x7ddc0000, 0x9e040000)
  object space 172032K, 58% used [0x735c0000,0x7985a210,0x7ddc0000)
 PSPermGen       total 92416K, used 73919K [0x635c0000, 0x69000000, 0x735c0000)
  object space 92416K, 79% used [0x635c0000,0x67deffb8,0x69000000)
Event: 976.695 GC heap after
Heap after GC invocations=46 (full 5):
 PSYoungGen      total 283648K, used 26869K [0x9e040000, 0xb2f40000, 0xb35c0000)
  eden space 228096K, 0% used [0x9e040000,0x9e040000,0xabf00000)
  from space 55552K, 48% used [0xabf00000,0xad93d5d0,0xaf540000)
  to   space 54016K, 0% used [0xafa80000,0xafa80000,0xb2f40000)
 ParOldGen       total 172032K, used 100968K [0x735c0000, 0x7ddc0000, 0x9e040000)
  object space 172032K, 58% used [0x735c0000,0x7985a210,0x7ddc0000)
 PSPermGen       total 92416K, used 73919K [0x635c0000, 0x69000000, 0x735c0000)
  object space 92416K, 79% used [0x635c0000,0x67deffb8,0x69000000)
}
Event: 978.725 GC heap before
{Heap before GC invocations=47 (full 5):
 PSYoungGen      total 283648K, used 254965K [0x9e040000, 0xb2f40000, 0xb35c0000)
  eden space 228096K, 100% used [0x9e040000,0xabf00000,0xabf00000)
  from space 55552K, 48% used [0xabf00000,0xad93d5d0,0xaf540000)
  to   space 54016K, 0% used [0xafa80000,0xafa80000,0xb2f40000)
 ParOldGen       total 172032K, used 100968K [0x735c0000, 0x7ddc0000, 0x9e040000)
  object space 172032K, 58% used [0x735c0000,0x7985a210,0x7ddc0000)
 PSPermGen       total 92416K, used 74025K [0x635c0000, 0x69000000, 0x735c0000)
  object space 92416K, 80% used [0x635c0000,0x67e0a430,0x69000000)
Event: 978.783 GC heap after
Heap after GC invocations=47 (full 5):
 PSYoungGen      total 290048K, used 28778K [0x9e040000, 0xb3240000, 0xb35c0000)
  eden space 236032K, 0% used [0x9e040000,0x9e040000,0xac6c0000)
  from space 54016K, 53% used [0xafa80000,0xb169ab48,0xb2f40000)
  to   space 52992K, 0% used [0xac6c0000,0xac6c0000,0xafa80000)
 ParOldGen       total 172032K, used 100968K [0x735c0000, 0x7ddc0000, 0x9e040000)
  object space 172032K, 58% used [0x735c0000,0x7985a210,0x7ddc0000)
 PSPermGen       total 92416K, used 74025K [0x635c0000, 0x69000000, 0x735c0000)
  object space 92416K, 80% used [0x635c0000,0x67e0a430,0x69000000)
}
Event: 980.721 GC heap before
{Heap before GC invocations=48 (full 5):
 PSYoungGen      total 290048K, used 264810K [0x9e040000, 0xb3240000, 0xb35c0000)
  eden space 236032K, 100% used [0x9e040000,0xac6c0000,0xac6c0000)
  from space 54016K, 53% used [0xafa80000,0xb169ab48,0xb2f40000)
  to   space 52992K, 0% used [0xac6c0000,0xac6c0000,0xafa80000)
 ParOldGen       total 172032K, used 100968K [0x735c0000, 0x7ddc0000, 0x9e040000)
  object space 172032K, 58% used [0x735c0000,0x7985a210,0x7ddc0000)
 PSPermGen       total 92416K, used 74460K [0x635c0000, 0x69000000, 0x735c0000)
  object space 92416K, 80% used [0x635c0000,0x67e772c0,0x69000000)
Event: 980.814 GC heap after
Heap after GC invocations=48 (full 5):
 PSYoungGen      total 289024K, used 31251K [0x9e040000, 0xb34c0000, 0xb35c0000)
  eden space 236032K, 0% used [0x9e040000,0x9e040000,0xac6c0000)
  from space 52992K, 58% used [0xac6c0000,0xae544fe0,0xafa80000)
  to   space 52992K, 0% used [0xb0100000,0xb0100000,0xb34c0000)
 ParOldGen       total 172032K, used 100972K [0x735c0000, 0x7ddc0000, 0x9e040000)
  object space 172032K, 58% used [0x735c0000,0x7985b210,0x7ddc0000)
 PSPermGen       total 92416K, used 74460K [0x635c0000, 0x69000000, 0x735c0000)
  object space 92416K, 80% used [0x635c0000,0x67e772c0,0x69000000)
}
Event: 981.888 GC heap before
{Heap before GC invocations=49 (full 5):
 PSYoungGen      total 289024K, used 267283K [0x9e040000, 0xb34c0000, 0xb35c0000)
  eden space 236032K, 100% used [0x9e040000,0xac6c0000,0xac6c0000)
  from space 52992K, 58% used [0xac6c0000,0xae544fe0,0xafa80000)
  to   space 52992K, 0% used [0xb0100000,0xb0100000,0xb34c0000)
 ParOldGen       total 172032K, used 100972K [0x735c0000, 0x7ddc0000, 0x9e040000)
  object space 172032K, 58% used [0x735c0000,0x7985b210,0x7ddc0000)
 PSPermGen       total 92416K, used 74462K [0x635c0000, 0x69000000, 0x735c0000)
  object space 92416K, 80% used [0x635c0000,0x67e77a70,0x69000000)
Event: 981.969 GC heap after
Heap after GC invocations=49 (full 5):
 PSYoungGen      total 296192K, used 30876K [0x9e040000, 0xb34c0000, 0xb35c0000)
  eden space 243200K, 0% used [0x9e040000,0x9e040000,0xacdc0000)
  from space 52992K, 58% used [0xb0100000,0xb1f270e8,0xb34c0000)
  to   space 52480K, 0% used [0xacdc0000,0xacdc0000,0xb0100000)
 ParOldGen       total 172032K, used 100972K [0x735c0000, 0x7ddc0000, 0x9e040000)
  object space 172032K, 58% used [0x735c0000,0x7985b210,0x7ddc0000)
 PSPermGen       total 92416K, used 74462K [0x635c0000, 0x69000000, 0x735c0000)
  object space 92416K, 80% used [0x635c0000,0x67e77a70,0x69000000)
}
Event: 987.503 GC heap before
{Heap before GC invocations=50 (full 5):
 PSYoungGen      total 296192K, used 274076K [0x9e040000, 0xb34c0000, 0xb35c0000)
  eden space 243200K, 100% used [0x9e040000,0xacdc0000,0xacdc0000)
  from space 52992K, 58% used [0xb0100000,0xb1f270e8,0xb34c0000)
  to   space 52480K, 0% used [0xacdc0000,0xacdc0000,0xb0100000)
 ParOldGen       total 172032K, used 100972K [0x735c0000, 0x7ddc0000, 0x9e040000)
  object space 172032K, 58% used [0x735c0000,0x7985b210,0x7ddc0000)
 PSPermGen       total 92416K, used 76515K [0x635c0000, 0x69000000, 0x735c0000)
  object space 92416K, 82% used [0x635c0000,0x68078cc0,0x69000000)
Event: 987.559 GC heap after
Heap after GC invocations=50 (full 5):
 PSYoungGen      total 287232K, used 43954K [0x9e040000, 0xb35c0000, 0xb35c0000)
  eden space 243200K, 0% used [0x9e040000,0x9e040000,0xacdc0000)
  from space 44032K, 99% used [0xacdc0000,0xaf8ac820,0xaf8c0000)
  to   space 56832K, 0% used [0xafe40000,0xafe40000,0xb35c0000)
 ParOldGen       total 172032K, used 100976K [0x735c0000, 0x7ddc0000, 0x9e040000)
  object space 172032K, 58% used [0x735c0000,0x7985c210,0x7ddc0000)
 PSPermGen       total 92416K, used 76515K [0x635c0000, 0x69000000, 0x735c0000)
  object space 92416K, 82% used [0x635c0000,0x68078cc0,0x69000000)
}

Deoptimization events (10 events):
Event: 985.957 Thread 0x58c2f800 Uncommon trap: reason=null_check action=make_not_entrant pc=0xb4216130 method=org.springframework.beans.factory.support.DefaultSingletonBeanRegistry.destroySingleton(Ljava/lang/String;)V @ 22
Event: 986.005 Thread 0x58c2f800 Uncommon trap: reason=unstable_if action=reinterpret pc=0xb3d51ce8 method=org.apache.xerces.impl.xs.XMLSchemaValidator$XSIErrorReporter.pushContext()V @ 20
Event: 986.264 Thread 0x58c2f800 Uncommon trap: reason=unloaded action=reinterpret pc=0xb41e8020 method=org.openmrs.util.OpenmrsClassLoader.loadClass(Ljava/lang/String;Z)Ljava/lang/Class; @ 30
Event: 987.893 Thread 0x58c2f800 Uncommon trap: reason=unstable_if action=reinterpret pc=0xb43008cc method=org.springframework.beans.factory.support.AbstractAutowireCapableBeanFactory.predictBeanType(Ljava/lang/String;Lorg/springframework/beans/factory/support/RootBeanDefinition;[Ljava/l
Event: 988.137 Thread 0x58c2f800 Uncommon trap: reason=unstable_if action=reinterpret pc=0xb431764c method=org.springframework.core.SimpleAliasRegistry.canonicalName(Ljava/lang/String;)Ljava/lang/String; @ 17
Event: 988.137 Thread 0x58c2f800 Uncommon trap: reason=unstable_if action=reinterpret pc=0xb4311230 method=org.springframework.core.SimpleAliasRegistry.canonicalName(Ljava/lang/String;)Ljava/lang/String; @ 17
Event: 988.333 Thread 0x58c2f800 Uncommon trap: reason=bimorphic action=maybe_recompile pc=0xb4167f8c method=org.apache.xerces.impl.dtd.models.CMBinOp.isNullable()Z @ 46
Event: 988.333 Thread 0x58c2f800 Uncommon trap: reason=bimorphic action=maybe_recompile pc=0xb4167f8c method=org.apache.xerces.impl.dtd.models.CMBinOp.isNullable()Z @ 46
Event: 988.333 Thread 0x58c2f800 Uncommon trap: reason=null_check action=make_not_entrant pc=0xb41c8a40 method=org.dom4j.tree.DefaultElement.attribute(Ljava/lang/String;)Lorg/dom4j/Attribute; @ 6
Event: 988.773 Thread 0x58c2f800 Uncommon trap: reason=null_check action=make_not_entrant pc=0xb41ee120 method=org.apache.xerces.impl.xs.XMLSchemaLoader.resolveDocument(Lorg/apache/xerces/impl/xs/XSDDescription;Ljava/util/Hashtable;Lorg/apache/xerces/xni/parser/XMLEntityResolver;)Lorg/ap

Internal exceptions (10 events):
Event: 987.894 Thread 0x58c2f800 Threw 0xa1027080 at /HUDSON/workspace/7u-2-build-linux-i586/jdk7u80/2329/hotspot/src/share/vm/prims/jvm.cpp:1319
Event: 987.895 Thread 0x58c2f800 Threw 0xa1027a88 at /HUDSON/workspace/7u-2-build-linux-i586/jdk7u80/2329/hotspot/src/share/vm/prims/jvm.cpp:1319
Event: 987.910 Thread 0x58c2f800 Threw 0xa1275790 at /HUDSON/workspace/7u-2-build-linux-i586/jdk7u80/2329/hotspot/src/share/vm/prims/jvm.cpp:1319
Event: 988.134 Thread 0x58c2f800 Threw 0xa3c703e0 at /HUDSON/workspace/7u-2-build-linux-i586/jdk7u80/2329/hotspot/src/share/vm/prims/jvm.cpp:1319
Event: 988.134 Thread 0x58c2f800 Threw 0xa3c70c40 at /HUDSON/workspace/7u-2-build-linux-i586/jdk7u80/2329/hotspot/src/share/vm/prims/jvm.cpp:1319
Event: 988.134 Thread 0x58c2f800 Threw 0xa3c72088 at /HUDSON/workspace/7u-2-build-linux-i586/jdk7u80/2329/hotspot/src/share/vm/prims/jvm.cpp:1319
Event: 988.134 Thread 0x58c2f800 Threw 0xa3c72518 at /HUDSON/workspace/7u-2-build-linux-i586/jdk7u80/2329/hotspot/src/share/vm/prims/jvm.cpp:1319
Event: 988.134 Thread 0x58c2f800 Threw 0xa3c72b70 at /HUDSON/workspace/7u-2-build-linux-i586/jdk7u80/2329/hotspot/src/share/vm/prims/jvm.cpp:1319
Event: 988.333 Thread 0x58c2f800 Implicit null exception at 0xb41c84fe to 0xb41c8a31
Event: 988.773 Thread 0x58c2f800 Implicit null exception at 0xb41edb9c to 0xb41ee110

Events (10 events):
Event: 988.333 Thread 0x58c2f800 DEOPT UNPACKING pc=0xb36d8bc8 sp=0x5eca8244 mode 2
Event: 988.333 Thread 0x58c2f800 Uncommon trap: trap_request=0xffffffc6 fr.pc=0xb4167f8c
Event: 988.333 Thread 0x58c2f800 DEOPT PACKING pc=0xb4167f8c sp=0x5eca82a0
Event: 988.333 Thread 0x58c2f800 DEOPT UNPACKING pc=0xb36d8bc8 sp=0x5eca8280 mode 2
Event: 988.333 Thread 0x58c2f800 Uncommon trap: trap_request=0xfffffff4 fr.pc=0xb41c8a40
Event: 988.333 Thread 0x58c2f800 DEOPT PACKING pc=0xb41c8a40 sp=0x5eca8620
Event: 988.333 Thread 0x58c2f800 DEOPT UNPACKING pc=0xb36d8bc8 sp=0x5eca85f8 mode 2
Event: 988.773 Thread 0x58c2f800 Uncommon trap: trap_request=0xfffffff4 fr.pc=0xb41ee120
Event: 988.773 Thread 0x58c2f800 DEOPT PACKING pc=0xb41ee120 sp=0x5eca8050
Event: 988.773 Thread 0x58c2f800 DEOPT UNPACKING pc=0xb36d8bc8 sp=0x5eca7fec mode 2


Dynamic libraries:
08048000-08049000 r-xp 00000000 08:07 1058921    /usr/lib/jvm/java-7-oracle/jre/bin/java
08049000-0804a000 rw-p 00000000 08:07 1058921    /usr/lib/jvm/java-7-oracle/jre/bin/java
09deb000-09e7f000 rw-p 00000000 00:00 0          [heap]
58600000-58700000 rw-p 00000000 00:00 0 
58800000-58900000 rw-p 00000000 00:00 0 
58c00000-58cfc000 rw-p 00000000 00:00 0 
58cfc000-58d00000 ---p 00000000 00:00 0 
58d00000-58e00000 rw-p 00000000 00:00 0 
58e00000-58fff000 rw-p 00000000 00:00 0 
58fff000-59000000 ---p 00000000 00:00 0 
59000000-590fe000 rw-p 00000000 00:00 0 
590fe000-59100000 ---p 00000000 00:00 0 
59100000-591ff000 rw-p 00000000 00:00 0 
591ff000-59200000 ---p 00000000 00:00 0 
59200000-592fe000 rw-p 00000000 00:00 0 
592fe000-59300000 ---p 00000000 00:00 0 
59324000-59378000 r--s 00512000 08:07 1185872    /tmp/1432133072139.openmrs-lib-cache/logic/lib/groovy-all-1.7.6.jar
59378000-5937b000 ---p 00000000 00:00 0 
5937b000-593c9000 rw-p 00000000 00:00 0 
593c9000-593cc000 ---p 00000000 00:00 0 
593cc000-5941a000 rw-p 00000000 00:00 0 
5941a000-5941d000 ---p 00000000 00:00 0 
5941d000-5946b000 rw-p 00000000 00:00 0 
5946b000-5946e000 ---p 00000000 00:00 0 
5946e000-594bc000 rw-p 00000000 00:00 0 
594bc000-594bf000 ---p 00000000 00:00 0 
594bf000-5950d000 rw-p 00000000 00:00 0 
5950d000-59510000 ---p 00000000 00:00 0 
59510000-5955e000 rw-p 00000000 00:00 0 
5955e000-59561000 ---p 00000000 00:00 0 
59561000-595af000 rw-p 00000000 00:00 0 
595af000-595b2000 ---p 00000000 00:00 0 
595b2000-59600000 rw-p 00000000 00:00 0 
59600000-59700000 rw-p 00000000 00:00 0 
59700000-597d1000 rw-p 00000000 00:00 0 
597d1000-59800000 ---p 00000000 00:00 0 
59800000-59a00000 rw-p 00000000 00:00 0 
59a00000-59c00000 rw-p 00000000 00:00 0 
59c00000-59e00000 rw-p 00000000 00:00 0 
59e00000-59e95000 rw-p 00000000 00:00 0 
59e95000-59f00000 ---p 00000000 00:00 0 
59f00000-59ffc000 rw-p 00000000 00:00 0 
59ffc000-5a000000 ---p 00000000 00:00 0 
5a000000-5a0fd000 rw-p 00000000 00:00 0 
5a0fd000-5a100000 ---p 00000000 00:00 0 
5a100000-5a200000 rw-p 00000000 00:00 0 
5a200000-5a400000 rw-p 00000000 00:00 0 
5a400000-5a600000 rw-p 00000000 00:00 0 
5a600000-5a800000 rw-p 00000000 00:00 0 
5a800000-5a900000 rw-p 00000000 00:00 0 
5a91a000-5a91d000 ---p 00000000 00:00 0 
5a91d000-5a96b000 rw-p 00000000 00:00 0 
5a96b000-5a96e000 ---p 00000000 00:00 0 
5a96e000-5a9bc000 rw-p 00000000 00:00 0 
5a9bc000-5a9bf000 ---p 00000000 00:00 0 
5a9bf000-5aa0d000 rw-p 00000000 00:00 0 
5aa0d000-5aa10000 ---p 00000000 00:00 0 
5aa10000-5aa5e000 rw-p 00000000 00:00 0 
5aa5e000-5aa61000 ---p 00000000 00:00 0 
5aa61000-5aaaf000 rw-p 00000000 00:00 0 
5aaaf000-5aab2000 ---p 00000000 00:00 0 
5aab2000-5ab00000 rw-p 00000000 00:00 0 
5ab00000-5ad00000 rw-p 00000000 00:00 0 
5ad00000-5af00000 rw-p 00000000 00:00 0 
5af00000-5b100000 rw-p 00000000 00:00 0 
5b100000-5b200000 rw-p 00000000 00:00 0 
5b20d000-5b210000 ---p 00000000 00:00 0 
5b210000-5b25e000 rw-p 00000000 00:00 0 
5b25e000-5b261000 ---p 00000000 00:00 0 
5b261000-5b2af000 rw-p 00000000 00:00 0 
5b2af000-5b2b2000 ---p 00000000 00:00 0 
5b2b2000-5b300000 rw-p 00000000 00:00 0 
5b300000-5b500000 rw-p 00000000 00:00 0 
5b500000-5b700000 rw-p 00000000 00:00 0 
5b700000-5b900000 rw-p 00000000 00:00 0 
5b900000-5ba00000 rw-p 00000000 00:00 0 
5ba2c000-5ba33000 r--s 00059000 08:07 1189772    /tmp/1432133072139.openmrs-lib-cache/basicexample/lib/log4j-1.2.15.jar
5ba33000-5ba35000 r--s 00001000 08:07 1189471    /tmp/1432133072139.openmrs-lib-cache/basicexample/lib/basicexample-api-1.0-SNAPSHOT.jar
5ba35000-5ba37000 r--s 0000d000 08:07 1189469    /tmp/1432133072139.openmrs-lib-cache/basicexample/lib/commons-logging-1.1.1.jar
5ba37000-5ba3a000 ---p 00000000 00:00 0 
5ba3a000-5ba88000 rw-p 00000000 00:00 0 
5ba88000-5ba8b000 ---p 00000000 00:00 0 
5ba8b000-5bad9000 rw-p 00000000 00:00 0 
5bad9000-5badc000 ---p 00000000 00:00 0 
5badc000-5bb2a000 rw-p 00000000 00:00 0 
5bb2a000-5bb2d000 ---p 00000000 00:00 0 
5bb2d000-5bb7b000 rw-p 00000000 00:00 0 
5bb7b000-5bb7e000 ---p 00000000 00:00 0 
5bb7e000-5bbcc000 rw-p 00000000 00:00 0 
5bbcc000-5bcfc000 r-xp 00000000 08:07 788231     /usr/lib/i386-linux-gnu/libX11.so.6.3.0
5bcfc000-5bcfd000 r--p 0012f000 08:07 788231     /usr/lib/i386-linux-gnu/libX11.so.6.3.0
5bcfd000-5bcff000 rw-p 00130000 08:07 788231     /usr/lib/i386-linux-gnu/libX11.so.6.3.0
5bcff000-5bd00000 rw-p 00000000 00:00 0 
5bd00000-5be00000 rw-p 00000000 00:00 0 
5be01000-5be07000 r--s 00033000 08:07 1189468    /tmp/1432133072139.openmrs-lib-cache/basicexample/lib/commons-codec-1.6.jar
5be07000-5be0a000 r--s 0000a000 08:07 1188184    /tmp/1432133072139.openmrs-lib-cache/basicexample/lib/idgen-api-2.6.jar
5be0a000-5be0d000 ---p 00000000 00:00 0 
5be0d000-5be5b000 rw-p 00000000 00:00 0 
5be5b000-5beaf000 r--s 00512000 08:07 1185813    /tmp/1432132120453.openmrs-lib-cache/logic/lib/groovy-all-1.7.6.jar (deleted)
5beaf000-5beb2000 ---p 00000000 00:00 0 
5beb2000-5bf00000 rw-p 00000000 00:00 0 
5bf00000-5c100000 rw-p 00000000 00:00 0 
5c100000-5c1f9000 rw-p 00000000 00:00 0 
5c1f9000-5c200000 ---p 00000000 00:00 0 
5c200000-5c500000 rw-p 00000000 00:00 0 
5c500000-5c5fb000 rw-p 00000000 00:00 0 
5c5fb000-5c600000 ---p 00000000 00:00 0 
5c600000-5c6ff000 rw-p 00000000 00:00 0 
5c6ff000-5c700000 ---p 00000000 00:00 0 
5c700000-5c7f9000 rw-p 00000000 00:00 0 
5c7f9000-5c800000 ---p 00000000 00:00 0 
5c800000-5c8fc000 rw-p 00000000 00:00 0 
5c8fc000-5c900000 ---p 00000000 00:00 0 
5c900000-5c9fa000 rw-p 00000000 00:00 0 
5c9fa000-5ca00000 ---p 00000000 00:00 0 
5ca01000-5ca07000 r--s 00031000 08:07 1188183    /tmp/1432133072139.openmrs-lib-cache/basicexample/lib/httpcore-4.2.jar
5ca07000-5ca09000 r--s 00018000 08:07 1187909    /tmp/1432133072139.openmrs-lib-cache/basicexample/lib/servlet-api-2.5.jar
5ca09000-5ca10000 r--s 00067000 08:07 1187908    /tmp/1432133072139.openmrs-lib-cache/basicexample/lib/mail-1.4.1.jar
5ca10000-5ca19000 r--s 0005f000 08:07 1187876    /tmp/1432133072139.openmrs-lib-cache/basicexample/lib/httpclient-4.2.jar
5ca19000-5ca1c000 ---p 00000000 00:00 0 
5ca1c000-5ca6a000 rw-p 00000000 00:00 0 
5ca6a000-5ca6c000 r--s 0000e000 08:07 1187855    /tmp/1432133072139.openmrs-lib-cache/basicexample/lib/activation-1.1.jar
5ca6c000-5ca6e000 r--s 001bb000 08:07 1187854    /tmp/1432133072139.openmrs-lib-cache/basicexample/basicexample.jar
5ca6e000-5ca70000 r--s 00001000 08:07 1187806    /tmp/1432133072139.openmrs-lib-cache/patientdetails/lib/patientdetails-api-1.0-SNAPSHOT.jar
5ca70000-5ca72000 r--s 00004000 08:07 1187752    /tmp/1432133072139.openmrs-lib-cache/patientdetails/patientdetails.jar
5ca72000-5ca76000 r--s 0002b000 08:07 1185879    /tmp/1432133072139.openmrs-lib-cache/logic/lib/logic-api-0.5.2.jar
5ca76000-5ca78000 r--s 00505000 08:07 1185868    /tmp/1432133072139.openmrs-lib-cache/logic/logic.jar
5ca78000-5ca7f000 r--s 00059000 08:07 1191263    /tmp/1432132120453.openmrs-lib-cache/basicexample/lib/log4j-1.2.15.jar (deleted)
5ca7f000-5ca81000 r--s 00001000 08:07 1191262    /tmp/1432132120453.openmrs-lib-cache/basicexample/lib/basicexample-api-1.0-SNAPSHOT.jar (deleted)
5ca81000-5ca83000 r--s 0000d000 08:07 1191261    /tmp/1432132120453.openmrs-lib-cache/basicexample/lib/commons-logging-1.1.1.jar (deleted)
5ca83000-5ca89000 r--s 00033000 08:07 1191260    /tmp/1432132120453.openmrs-lib-cache/basicexample/lib/commons-codec-1.6.jar (deleted)
5ca89000-5ca8c000 r--s 0000a000 08:07 1191259    /tmp/1432132120453.openmrs-lib-cache/basicexample/lib/idgen-api-2.6.jar (deleted)
5ca8c000-5ca92000 r--s 00031000 08:07 1191258    /tmp/1432132120453.openmrs-lib-cache/basicexample/lib/httpcore-4.2.jar (deleted)
5ca92000-5ca94000 r--s 00018000 08:07 1191257    /tmp/1432132120453.openmrs-lib-cache/basicexample/lib/servlet-api-2.5.jar (deleted)
5ca94000-5ca9b000 r--s 00067000 08:07 1191256    /tmp/1432132120453.openmrs-lib-cache/basicexample/lib/mail-1.4.1.jar (deleted)
5ca9b000-5caa4000 r--s 0005f000 08:07 1191255    /tmp/1432132120453.openmrs-lib-cache/basicexample/lib/httpclient-4.2.jar (deleted)
5caa4000-5caa6000 r--s 0000e000 08:07 1191254    /tmp/1432132120453.openmrs-lib-cache/basicexample/lib/activation-1.1.jar (deleted)
5caa6000-5caa8000 r--s 001bb000 08:07 1191253    /tmp/1432132120453.openmrs-lib-cache/basicexample/basicexample.jar (deleted)
5caa8000-5caaf000 r--s 00059000 08:07 1191252    /tmp/1432132120453.openmrs-lib-cache/basicexample/lib/log4j-1.2.15.jar (deleted)
5caaf000-5cab2000 ---p 00000000 00:00 0 
5cab2000-5cb00000 rw-p 00000000 00:00 0 
5cb00000-5cbff000 rw-p 00000000 00:00 0 
5cbff000-5cc00000 ---p 00000000 00:00 0 
5cc00000-5ccfb000 rw-p 00000000 00:00 0 
5ccfb000-5cd00000 ---p 00000000 00:00 0 
5cd00000-5cdff000 rw-p 00000000 00:00 0 
5cdff000-5ce00000 ---p 00000000 00:00 0 
5ce00000-5cf00000 rw-p 00000000 00:00 0 
5cf00000-5d100000 rw-p 00000000 00:00 0 
5d100000-5d1fa000 rw-p 00000000 00:00 0 
5d1fa000-5d200000 ---p 00000000 00:00 0 
5d200000-5d2fc000 rw-p 00000000 00:00 0 
5d2fc000-5d300000 ---p 00000000 00:00 0 
5d300000-5d3fc000 rw-p 00000000 00:00 0 
5d3fc000-5d400000 ---p 00000000 00:00 0 
5d400000-5d402000 r--s 00001000 08:07 1191251    /tmp/1432132120453.openmrs-lib-cache/basicexample/lib/basicexample-api-1.0-SNAPSHOT.jar (deleted)
5d402000-5d404000 r--s 0000d000 08:07 1191250    /tmp/1432132120453.openmrs-lib-cache/basicexample/lib/commons-logging-1.1.1.jar (deleted)
5d404000-5d40a000 r--s 00033000 08:07 1191249    /tmp/1432132120453.openmrs-lib-cache/basicexample/lib/commons-codec-1.6.jar (deleted)
5d40a000-5d40d000 r--s 0000a000 08:07 1191248    /tmp/1432132120453.openmrs-lib-cache/basicexample/lib/idgen-api-2.6.jar (deleted)
5d40d000-5d410000 ---p 00000000 00:00 0 
5d410000-5d45e000 rw-p 00000000 00:00 0 
5d45e000-5d461000 ---p 00000000 00:00 0 
5d461000-5d4af000 rw-p 00000000 00:00 0 
5d4af000-5d4b2000 ---p 00000000 00:00 0 
5d4b2000-5d500000 rw-p 00000000 00:00 0 
5d500000-5d5fa000 rw-p 00000000 00:00 0 
5d5fa000-5d600000 ---p 00000000 00:00 0 
5d600000-5d700000 rw-p 00000000 00:00 0 
5d700000-5d7ff000 rw-p 00000000 00:00 0 
5d7ff000-5d800000 ---p 00000000 00:00 0 
5d800000-5d8fa000 rw-p 00000000 00:00 0 
5d8fa000-5d900000 ---p 00000000 00:00 0 
5d900000-5da00000 rw-p 00000000 00:00 0 
5da00000-5da07000 r--s 00067000 08:07 1191245    /tmp/1432132120453.openmrs-lib-cache/basicexample/lib/mail-1.4.1.jar (deleted)
5da07000-5da10000 r--s 0005f000 08:07 1191244    /tmp/1432132120453.openmrs-lib-cache/basicexample/lib/httpclient-4.2.jar (deleted)
5da10000-5da12000 r--s 0000e000 08:07 1191243    /tmp/1432132120453.openmrs-lib-cache/basicexample/lib/activation-1.1.jar (deleted)
5da12000-5da14000 r--s 001bb000 08:07 1191242    /tmp/1432132120453.openmrs-lib-cache/basicexample/basicexample.jar (deleted)
5da14000-5da27000 r-xp 00000000 08:07 3288647    /lib/i386-linux-gnu/libresolv-2.15.so
5da27000-5da28000 ---p 00013000 08:07 3288647    /lib/i386-linux-gnu/libresolv-2.15.so
5da28000-5da29000 r--p 00013000 08:07 3288647    /lib/i386-linux-gnu/libresolv-2.15.so
5da29000-5da2a000 rw-p 00014000 08:07 3288647    /lib/i386-linux-gnu/libresolv-2.15.so
5da2a000-5da2c000 rw-p 00000000 00:00 0 
5da2c000-5da32000 r--s 00031000 08:07 1191247    /tmp/1432132120453.openmrs-lib-cache/basicexample/lib/httpcore-4.2.jar (deleted)
5da32000-5da34000 r--s 00018000 08:07 1191246    /tmp/1432132120453.openmrs-lib-cache/basicexample/lib/servlet-api-2.5.jar (deleted)
5da34000-5da3f000 r--s 0037c000 08:07 1058438    /usr/lib/jvm/java-7-oracle/jre/lib/charsets.jar
5da3f000-5da42000 ---p 00000000 00:00 0 
5da42000-5da90000 rw-p 00000000 00:00 0 
5da90000-5dad9000 r-xp 00000000 08:07 1058375    /usr/lib/jvm/java-7-oracle/jre/lib/i386/xawt/libmawt.so
5dad9000-5dadb000 rw-p 00049000 08:07 1058375    /usr/lib/jvm/java-7-oracle/jre/lib/i386/xawt/libmawt.so
5dadb000-5dadc000 rw-p 00000000 00:00 0 
5dadc000-5dae6000 r--s 0006d000 08:07 3163848    /home/susan/.m2/repository/org/codehaus/jackson/jackson-mapper-asl/1.5.0/jackson-mapper-asl-1.5.0.jar
5dae6000-5daef000 r--s 00058000 08:07 3163085    /home/susan/.m2/repository/taglibs/standard/1.1.2/standard-1.1.2.jar
5daef000-5daf2000 r--s 00048000 08:07 3162886    /home/susan/.m2/repository/net/sourceforge/jtds/jtds/1.2.4/jtds-1.2.4.jar
5daf2000-5daf8000 r--s 0007e000 08:07 3163067    /home/susan/.m2/repository/postgresql/postgresql/9.0-801.jdbc4/postgresql-9.0-801.jdbc4.jar
5daf8000-5db00000 r--s 000ce000 08:07 3806769    /home/susan/.m2/repository/mysql/mysql-connector-java/5.1.28/mysql-connector-java-5.1.28.jar
5db00000-5dbfa000 rw-p 00000000 00:00 0 
5dbfa000-5dc00000 ---p 00000000 00:00 0 
5dc01000-5dc03000 r--s 00001000 08:07 1185823    /tmp/1432132120453.openmrs-lib-cache/patientdetails/lib/patientdetails-api-1.0-SNAPSHOT.jar (deleted)
5dc03000-5dc05000 r-xp 00000000 08:07 3276854    /lib/libnss_mdns4.so.2
5dc05000-5dc06000 r--p 00001000 08:07 3276854    /lib/libnss_mdns4.so.2
5dc06000-5dc07000 rw-p 00002000 08:07 3276854    /lib/libnss_mdns4.so.2
5dc07000-5dc0e000 r--s 00067000 08:07 3162941    /home/susan/.m2/repository/javax/mail/mail/1.4.1/mail-1.4.1.jar
5dc0e000-5dc10000 r--s 00005000 08:07 3290857    /home/susan/.m2/repository/xpp3/xpp3_min/1.1.4c/xpp3_min-1.1.4c.jar
5dc10000-5dc11000 r--s 00001000 08:07 3290852    /home/susan/.m2/repository/xmlpull/xmlpull/1.1.3.1/xmlpull-1.1.3.1.jar
5dc11000-5dc1d000 r--s 0006a000 08:07 3290959    /home/susan/.m2/repository/com/thoughtworks/xstream/xstream/1.4.3/xstream-1.4.3.jar
5dc1d000-5dc1e000 r--s 00002000 08:07 3163588    /home/susan/.m2/repository/org/slf4j/slf4j-log4j12/1.6.0/slf4j-log4j12-1.6.0.jar
5dc1e000-5dc20000 r--s 00003000 08:07 3163583    /home/susan/.m2/repository/org/slf4j/jcl-over-slf4j/1.6.0/jcl-over-slf4j-1.6.0.jar
5dc20000-5dc22000 r--s 00005000 08:07 3163566    /home/susan/.m2/repository/org/slf4j/slf4j-api/1.6.0/slf4j-api-1.6.0.jar
5dc22000-5dc2f000 r--s 00092000 08:07 3162863    /home/susan/.m2/repository/net/sf/ehcache/ehcache-core/2.2.0/ehcache-core-2.2.0.jar
5dc2f000-5dc3a000 r--s 0008a000 08:07 3162858    /home/susan/.m2/repository/c3p0/c3p0/0.9.1/c3p0-0.9.1.jar
5dc3a000-5dc3f000 r--s 00048000 08:07 3162850    /home/susan/.m2/repository/dom4j/dom4j/1.6.1/dom4j-1.6.1.jar
5dc3f000-5dc41000 r--s 00001000 08:07 3802766    /home/susan/.m2/repository/org/hibernate/hibernate-ehcache/3.6.0.Final/hibernate-ehcache-3.6.0.Final.jar
5dc41000-5dc42000 r--s 00001000 08:07 3802768    /home/susan/.m2/repository/org/hibernate/hibernate-c3p0/3.6.0.Final/hibernate-c3p0-3.6.0.Final.jar
5dc42000-5dc43000 r--s 00003000 08:07 3162979    /home/susan/.m2/repository/javax/transaction/jta/1.1/jta-1.1.jar
5dc43000-5dc48000 r--s 00014000 08:07 3559312    /home/susan/.m2/repository/org/hibernate/javax/persistence/hibernate-jpa-2.0-api/1.0.0.Final/hibernate-jpa-2.0-api-1.0.0.Final.jar
5dc48000-5dc4b000 r--s 0000f000 08:07 3288946    /home/susan/.m2/repository/org/hibernate/hibernate-commons-annotations/3.2.0.Final/hibernate-commons-annotations-3.2.0.Final.jar
5dc4b000-5dc7d000 r--s 002c8000 08:07 3163282    /home/susan/.m2/repository/org/openmrs/hibernate/hibernate-core/3.6.5.Final-mod/hibernate-core-3.6.5.Final-mod.jar
5dc7d000-5dc86000 r--s 00095000 08:07 3162845    /home/susan/.m2/repository/javassist/javassist/3.12.1.GA/javassist-3.12.1.GA.jar
5dc86000-5dc88000 r--s 00005000 08:07 3162840    /home/susan/.m2/repository/stax/stax-api/1.0.1/stax-api-1.0.1.jar
5dc88000-5dc8b000 r--s 00029000 08:07 3162835    /home/susan/.m2/repository/stax/stax/1.2.0/stax-1.2.0.jar
5dc8b000-5dc91000 r--s 00028000 08:07 3163277    /home/susan/.m2/repository/org/openmrs/simpleframework/simple-xml/1.6.1-mod/simple-xml-1.6.1-mod.jar
5dc91000-5dd00000 r--s 00494000 08:07 3809818    /home/susan/.m2/repository/ca/uhn/hapi/hapi/0.5/hapi-0.5.jar
5dd00000-5ddff000 rw-p 00000000 00:00 0 
5ddff000-5de00000 ---p 00000000 00:00 0 
5de00000-5defb000 rw-p 00000000 00:00 0 
5defb000-5df00000 ---p 00000000 00:00 0 
5df00000-5dfef000 rw-p 00000000 00:00 0 
5dfef000-5e000000 ---p 00000000 00:00 0 
5e001000-5e004000 r--s 00027000 08:07 3163838    /home/susan/.m2/repository/org/codehaus/jackson/jackson-core-asl/1.5.0/jackson-core-asl-1.5.0.jar
5e004000-5e00a000 r--s 00046000 08:07 3163054    /home/susan/.m2/repository/jfree/jcommon/1.0.15/jcommon-1.0.15.jar
5e00a000-5e01a000 r--s 0013f000 08:07 3163049    /home/susan/.m2/repository/jfree/jfreechart/1.0.12/jfreechart-1.0.12.jar
5e01a000-5e023000 r--s 0005e000 08:07 3809805    /home/susan/.m2/repository/org/springframework/spring-webmvc/3.0.5.RELEASE/spring-webmvc-3.0.5.RELEASE.jar
5e023000-5e02d000 r--s 00057000 08:07 3809804    /home/susan/.m2/repository/org/springframework/spring-web/3.0.5.RELEASE/spring-web-3.0.5.RELEASE.jar
5e02d000-5e03f000 r--s 0030c000 08:07 3162871    /home/susan/.m2/repository/net/sf/saxon/saxon/8.7/saxon-8.7.jar
5e03f000-5e041000 r--s 00004000 08:07 1185822    /tmp/1432132120453.openmrs-lib-cache/patientdetails/patientdetails.jar (deleted)
5e041000-5e046000 r-xp 00000000 08:07 3288641    /lib/i386-linux-gnu/libnss_dns-2.15.so
5e046000-5e047000 r--p 00004000 08:07 3288641    /lib/i386-linux-gnu/libnss_dns-2.15.so
5e047000-5e048000 rw-p 00005000 08:07 3288641    /lib/i386-linux-gnu/libnss_dns-2.15.so
5e048000-5e04d000 r-xp 00000000 08:07 790985     /usr/lib/i386-linux-gnu/libXdmcp.so.6.0.0
5e04d000-5e04e000 r--p 00004000 08:07 790985     /usr/lib/i386-linux-gnu/libXdmcp.so.6.0.0
5e04e000-5e04f000 rw-p 00005000 08:07 790985     /usr/lib/i386-linux-gnu/libXdmcp.so.6.0.0
5e04f000-5e0d5000 r-xp 00000000 08:07 1058410    /usr/lib/jvm/java-7-oracle/jre/lib/i386/libawt.so
5e0d5000-5e0dc000 rw-p 00086000 08:07 1058410    /usr/lib/jvm/java-7-oracle/jre/lib/i386/libawt.so
5e0dc000-5e100000 rw-p 00000000 00:00 0 
5e100000-5e1fa000 rw-p 00000000 00:00 0 
5e1fa000-5e200000 ---p 00000000 00:00 0 
5e200000-5e203000 r--s 0000c000 08:07 3163044    /home/susan/.m2/repository/commons-fileupload/commons-fileupload/1.2.1/commons-fileupload-1.2.1.jar
5e203000-5e20d000 r--s 00072000 08:07 3163305    /home/susan/.m2/repository/org/openmrs/directwebremoting/dwr/2.0.5-mod/dwr-2.0.5-mod.jar
5e20d000-5e20f000 r--s 00004000 08:07 3162969    /home/susan/.m2/repository/javax/servlet/jstl/1.1.2/jstl-1.1.2.jar
5e20f000-5e21b000 r--s 000cb000 08:07 3806819    /home/susan/.m2/repository/org/openmrs/web/openmrs-web/1.9.8/openmrs-web-1.9.8.jar
5e21b000-5e224000 r--s 00051000 08:07 3802767    /home/susan/.m2/repository/org/hibernate/hibernate-validator/4.2.0.Final/hibernate-validator-4.2.0.Final.jar
5e224000-5e227000 r--s 00009000 08:07 3162951    /home/susan/.m2/repository/javax/validation/validation-api/1.0.0.GA/validation-api-1.0.0.GA.jar
5e227000-5e229000 r--s 0000d000 08:07 3163005    /home/susan/.m2/repository/xml-resolver/xml-resolver/1.1/xml-resolver-1.1.jar
5e229000-5e231000 r--s 00028000 08:07 3162992    /home/susan/.m2/repository/xml-apis/xml-apis/1.3.03/xml-apis-1.3.03.jar
5e231000-5e248000 r--s 00110000 08:07 3162984    /home/susan/.m2/repository/xerces/xercesImpl/2.8.0/xercesImpl-2.8.0.jar
5e249000-5e24d000 r--s 0002b000 08:07 1185815    /tmp/1432132120453.openmrs-lib-cache/logic/lib/logic-api-0.5.2.jar (deleted)
5e24d000-5e26c000 r-xp 00000000 08:07 788229     /usr/lib/i386-linux-gnu/libxcb.so.1.1.0
5e26c000-5e26d000 r--p 0001f000 08:07 788229     /usr/lib/i386-linux-gnu/libxcb.so.1.1.0
5e26d000-5e26e000 rw-p 00020000 08:07 788229     /usr/lib/i386-linux-gnu/libxcb.so.1.1.0
5e26e000-5e27d000 r-xp 00000000 08:07 788273     /usr/lib/i386-linux-gnu/libXi.so.6.1.0
5e27d000-5e27e000 r--p 0000e000 08:07 788273     /usr/lib/i386-linux-gnu/libXi.so.6.1.0
5e27e000-5e27f000 rw-p 0000f000 08:07 788273     /usr/lib/i386-linux-gnu/libXi.so.6.1.0
5e27f000-5e284000 r-xp 00000000 08:07 791436     /usr/lib/i386-linux-gnu/libXtst.so.6.1.0
5e284000-5e285000 r--p 00004000 08:07 791436     /usr/lib/i386-linux-gnu/libXtst.so.6.1.0
5e285000-5e286000 rw-p 00005000 08:07 791436     /usr/lib/i386-linux-gnu/libXtst.so.6.1.0
5e286000-5e28e000 r-xp 00000000 08:07 788237     /usr/lib/i386-linux-gnu/libXrender.so.1.3.0
5e28e000-5e28f000 r--p 00007000 08:07 788237     /usr/lib/i386-linux-gnu/libXrender.so.1.3.0
5e28f000-5e290000 rw-p 00008000 08:07 788237     /usr/lib/i386-linux-gnu/libXrender.so.1.3.0
5e290000-5e293000 ---p 00000000 00:00 0 
5e293000-5e2e1000 rw-p 00000000 00:00 0 
5e2e1000-5e2e4000 r--s 0001b000 08:07 3165156    /home/susan/.m2/repository/org/apache/struts/struts-tiles/1.3.8/struts-tiles-1.3.8.jar
5e2e4000-5e2e9000 r--s 00039000 08:07 3165151    /home/susan/.m2/repository/org/apache/struts/struts-taglib/1.3.8/struts-taglib-1.3.8.jar
5e2e9000-5e2ef000 r--s 0004b000 08:07 3165140    /home/susan/.m2/repository/org/apache/struts/struts-core/1.3.8/struts-core-1.3.8.jar
5e2ef000-5e2f1000 r--s 00005000 08:07 3290941    /home/susan/.m2/repository/sslext/sslext/1.2-0/sslext-1.2-0.jar
5e2f1000-5e2f3000 r--s 0000e000 08:07 3290931    /home/susan/.m2/repository/oro/oro/2.0.8/oro-2.0.8.jar
5e2f3000-5e2f6000 r--s 0001f000 08:07 3290921    /home/susan/.m2/repository/commons-validator/commons-validator/1.3.1/commons-validator-1.3.1.jar
5e2f6000-5e2fa000 r--s 00020000 08:07 3290867    /home/susan/.m2/repository/commons-digester/commons-digester/1.8/commons-digester-1.8.jar
5e2fa000-5e300000 r--s 0004f000 08:07 3164221    /home/susan/.m2/repository/org/apache/velocity/velocity-tools/2.0/velocity-tools-2.0.jar
5e300000-5e3f9000 rw-p 00000000 00:00 0 
5e3f9000-5e400000 ---p 00000000 00:00 0 
5e400000-5e4fc000 rw-p 00000000 00:00 0 
5e4fc000-5e500000 ---p 00000000 00:00 0 
5e500000-5e5f8000 rw-p 00000000 00:00 0 
5e5f8000-5e600000 ---p 00000000 00:00 0 
5e600000-5e602000 r--s 00014000 08:07 3290916    /home/susan/.m2/repository/commons-chain/commons-chain/1.1/commons-chain-1.1.jar
5e602000-5e604000 r--s 00005000 08:07 3163080    /home/susan/.m2/repository/taglibs/response/1.0.1/response-1.0.1.jar
5e604000-5e606000 r--s 00008000 08:07 3163075    /home/susan/.m2/repository/taglibs/request/1.0.1/request-1.0.1.jar
5e606000-5e608000 r--s 0000d000 08:07 3809801    /home/susan/.m2/repository/org/springframework/spring-oxm/3.0.5.RELEASE/spring-oxm-3.0.5.RELEASE.jar
5e608000-5e609000 r--s 00000000 08:07 3163300    /home/susan/.m2/repository/org/openmrs/liquibase/ext/type-converter/1.0.1/type-converter-1.0.1.jar
5e609000-5e60b000 r--s 00000000 08:07 3163295    /home/susan/.m2/repository/org/openmrs/liquibase/ext/identity-insert/1.2.1/identity-insert-1.2.1.jar
5e60b000-5e60d000 r--s 00001000 08:07 3163290    /home/susan/.m2/repository/org/openmrs/liquibase/ext/modify-column/2.0.2/modify-column-2.0.2.jar
5e60d000-5e61e000 r--s 000d2000 08:07 3163608    /home/susan/.m2/repository/org/liquibase/liquibase-core/2.0.5/liquibase-core-2.0.5.jar
5e61e000-5e635000 r--s 0019a000 08:07 3806816    /home/susan/.m2/repository/org/openmrs/api/openmrs-api/1.9.8/openmrs-api-1.9.8.jar
5e635000-5e637000 r-xp 00000000 08:07 790974     /usr/lib/i386-linux-gnu/libXau.so.6.0.0
5e637000-5e638000 r--p 00001000 08:07 790974     /usr/lib/i386-linux-gnu/libXau.so.6.0.0
5e638000-5e639000 rw-p 00002000 08:07 790974     /usr/lib/i386-linux-gnu/libXau.so.6.0.0
5e639000-5e649000 r-xp 00000000 08:07 788842     /usr/lib/i386-linux-gnu/libXext.so.6.4.0
5e649000-5e64a000 r--p 0000f000 08:07 788842     /usr/lib/i386-linux-gnu/libXext.so.6.4.0
5e64a000-5e64b000 rw-p 00010000 08:07 788842     /usr/lib/i386-linux-gnu/libXext.so.6.4.0
5e64b000-5e64c000 rw-p 00000000 00:00 0 
5e64c000-5e64e000 r--s 00505000 08:07 1185811    /tmp/1432132120453.openmrs-lib-cache/logic/logic.jar (deleted)
5e64e000-5e650000 r-xp 00000000 08:07 3276855    /lib/libnss_mdns4_minimal.so.2
5e650000-5e651000 r--p 00001000 08:07 3276855    /lib/libnss_mdns4_minimal.so.2
5e651000-5e652000 rw-p 00002000 08:07 3276855    /lib/libnss_mdns4_minimal.so.2
5e652000-5e656000 r--s 000f7000 08:07 1058850    /usr/lib/jvm/java-7-oracle/jre/lib/ext/localedata.jar
5e656000-5e65d000 r-xp 00000000 08:07 1058425    /usr/lib/jvm/java-7-oracle/jre/lib/i386/libmanagement.so
5e65d000-5e65e000 rw-p 00006000 08:07 1058425    /usr/lib/jvm/java-7-oracle/jre/lib/i386/libmanagement.so
5e65e000-5e661000 ---p 00000000 00:00 0 
5e661000-5e6af000 rw-p 00000000 00:00 0 
5e6af000-5e6b2000 ---p 00000000 00:00 0 
5e6b2000-5e700000 rw-p 00000000 00:00 0 
5e700000-5e7ff000 rw-p 00000000 00:00 0 
5e7ff000-5e800000 ---p 00000000 00:00 0 
5e800000-5e801000 r--s 00001000 08:07 3163090    /home/susan/.m2/repository/taglibs/page/1.0.1/page-1.0.1.jar
5e801000-5e804000 r--s 00016000 08:07 3809807    /home/susan/.m2/repository/org/springframework/spring-context-support/3.0.5.RELEASE/spring-context-support-3.0.5.RELEASE.jar
5e804000-5e805000 r--s 0000a000 08:07 3162876    /home/susan/.m2/repository/net/sf/saxon/saxon-dom/8.7/saxon-dom-8.7.jar
5e805000-5e80b000 r--s 00049000 08:07 3162807    /home/susan/.m2/repository/cglib/cglib-nodep/2.2/cglib-nodep-2.2.jar
5e80b000-5e80c000 r--s 00008000 08:07 3162781    /home/susan/.m2/repository/asm/asm-util/2.2.3/asm-util-2.2.3.jar
5e80c000-5e80d000 r--s 00008000 08:07 3162797    /home/susan/.m2/repository/asm/asm/2.2.3/asm-2.2.3.jar
5e80d000-5e80e000 r--s 00003000 08:07 3162792    /home/susan/.m2/repository/asm/asm-tree/2.2.3/asm-tree-2.2.3.jar
5e80e000-5e80f000 r--s 00003000 08:07 3162776    /home/susan/.m2/repository/asm/asm-commons/2.2.3/asm-commons-2.2.3.jar
5e80f000-5e812000 r--s 00022000 08:07 3163263    /home/susan/.m2/repository/org/antlr/stringtemplate/3.2.1/stringtemplate-3.2.1.jar
5e812000-5e816000 r--s 00025000 08:07 3163242    /home/susan/.m2/repository/org/antlr/antlr-runtime/3.4/antlr-runtime-3.4.jar
5e816000-5e820000 r--s 00055000 08:07 3809799    /home/susan/.m2/repository/org/springframework/spring-jdbc/3.0.5.RELEASE/spring-jdbc-3.0.5.RELEASE.jar
5e820000-5e827000 r--s 00032000 08:07 3809798    /home/susan/.m2/repository/org/springframework/spring-tx/3.0.5.RELEASE/spring-tx-3.0.5.RELEASE.jar
5e827000-5e82f000 r--s 0004a000 08:07 3809795    /home/susan/.m2/repository/org/springframework/spring-orm/3.0.5.RELEASE/spring-orm-3.0.5.RELEASE.jar
5e82f000-5e831000 r--s 00000000 08:07 3290836    /home/susan/.m2/repository/aopalliance/aopalliance/1.0/aopalliance-1.0.jar
5e831000-5e83a000 r--s 00046000 08:07 3809793    /home/susan/.m2/repository/org/springframework/spring-aop/3.0.5.RELEASE/spring-aop-3.0.5.RELEASE.jar
5e83a000-5e83e000 r--s 00026000 08:07 3809788    /home/susan/.m2/repository/org/springframework/spring-expression/3.0.5.RELEASE/spring-expression-3.0.5.RELEASE.jar
5e83e000-5e850000 r--s 00092000 08:07 3809787    /home/susan/.m2/repository/org/springframework/spring-context/3.0.5.RELEASE/spring-context-3.0.5.RELEASE.jar
5e850000-5e85c000 r--s 0007c000 08:07 3809789    /home/susan/.m2/repository/org/springframework/spring-beans/3.0.5.RELEASE/spring-beans-3.0.5.RELEASE.jar
5e85c000-5e85d000 r--s 0000c000 08:07 3809791    /home/susan/.m2/repository/org/springframework/spring-asm/3.0.5.RELEASE/spring-asm-3.0.5.RELEASE.jar
5e85d000-5e866000 r--s 00055000 08:07 3809790    /home/susan/.m2/repository/org/springframework/spring-core/3.0.5.RELEASE/spring-core-3.0.5.RELEASE.jar
5e866000-5e86d000 r--s 00059000 08:07 3162765    /home/susan/.m2/repository/log4j/log4j/1.2.15/log4j-1.2.15.jar
5e86d000-5e871000 r--s 0003c000 08:07 3165296    /home/susan/.m2/repository/commons-lang/commons-lang/2.4/commons-lang-2.4.jar
5e871000-5e879000 r--s 0005f000 08:07 3164216    /home/susan/.m2/repository/org/apache/velocity/velocity/1.6.2/velocity-1.6.2.jar
5e879000-5e882000 r--s 00062000 08:07 3163103    /home/susan/.m2/repository/org/azeckoski/reflectutils/0.9.14/reflectutils-0.9.14.jar
5e882000-5e885000 r--s 00018000 08:07 3162760    /home/susan/.m2/repository/commons-io/commons-io/1.4/commons-io-1.4.jar
5e885000-5e88a000 r--s 0002a000 08:07 3162747    /home/susan/.m2/repository/commons-beanutils/commons-beanutils/1.7.0/commons-beanutils-1.7.0.jar
5e88a000-5e890000 r--s 00048000 08:07 3164179    /home/susan/.m2/repository/org/apache/commons/commons-lang3/3.1/commons-lang3-3.1.jar
5e890000-5e89d000 r--s 0007f000 08:07 3162728    /home/susan/.m2/repository/commons-collections/commons-collections/3.2/commons-collections-3.2.jar
5e89d000-5e89f000 r--s 00003000 08:07 3290701    /home/susan/.m2/repository/org/mortbay/jetty/start/6.1.10/start-6.1.10.jar
5e89f000-5e8a0000 r--s 00002000 08:07 3165237    /home/susan/.m2/repository/org/apache/geronimo/specs/geronimo-annotation_1.0_spec/1.0/geronimo-annotation_1.0_spec-1.0.jar
5e8a0000-5e8a1000 r--s 00002000 08:07 3290696    /home/susan/.m2/repository/org/mortbay/jetty/jetty-annotations/6.1.10/jetty-annotations-6.1.10.jar
5e8a1000-5e8b0000 r--s 000ee000 08:07 3291056    /home/susan/.m2/repository/ant/ant/1.6.5/ant-1.6.5.jar
5e8b0000-5e8b4000 r--s 0001d000 08:07 3290691    /home/susan/.m2/repository/org/mortbay/jetty/jsp-api-2.1/6.1.10/jsp-api-2.1-6.1.10.jar
5e8b4000-5e8d7000 r--s 00344000 08:07 3290783    /home/susan/.m2/repository/org/eclipse/jdt/core/3.1.1/core-3.1.1.jar
5e8d7000-5e8e8000 r--s 000e9000 08:07 3290686    /home/susan/.m2/repository/org/mortbay/jetty/jsp-2.1/6.1.10/jsp-2.1-6.1.10.jar
5e8e8000-5e8eb000 r--s 00006000 08:07 3290681    /home/susan/.m2/repository/org/mortbay/jetty/jetty-management/6.1.10/jetty-management-6.1.10.jar
5e8eb000-5e8ed000 r--s 0000e000 08:07 3162974    /home/susan/.m2/repository/javax/activation/activation/1.1/activation-1.1.jar
5e8ed000-5e8f3000 r--s 00059000 08:07 3162946    /home/susan/.m2/repository/javax/mail/mail/1.4/mail-1.4.jar
5e8f3000-5e8f4000 r--s 00006000 08:07 3290676    /home/susan/.m2/repository/org/mortbay/jetty/jetty-naming/6.1.10/jetty-naming-6.1.10.jar
5e8f4000-5e8f6000 r--s 00002000 08:07 3291051    /home/susan/.m2/repository/geronimo-spec/geronimo-spec-jta/1.0.1B-rc4/geronimo-spec-jta-1.0.1B-rc4.jar
5e8f6000-5e8f8000 r--s 0000e000 08:07 3290671    /home/susan/.m2/repository/org/mortbay/jetty/jetty-plus/6.1.10/jetty-plus-6.1.10.jar
5e8f8000-5e8fa000 r--s 00004000 08:07 3165103    /home/susan/.m2/repository/org/apache/maven/maven-plugin-tools-api/2.0/maven-plugin-tools-api-2.0.jar
5e8fa000-5e8fd000 r--s 0001b000 08:07 3163024    /home/susan/.m2/repository/junit/junit/3.8.2/junit-3.8.2.jar
5e8fd000-5e900000 r--s 00027000 08:07 3163883    /home/susan/.m2/repository/org/codehaus/plexus/plexus-utils/1.1/plexus-utils-1.1.jar
5e900000-5e9f9000 rw-p 00000000 00:00 0 
5e9f9000-5ea00000 ---p 00000000 00:00 0 
5ea00000-5eb00000 rw-p 00000000 00:00 0 
5eb00000-5ec00000 rw-p 00000000 00:00 0 
5ec00000-5ec03000 r--s 0001e000 08:07 3290666    /home/susan/.m2/repository/org/mortbay/jetty/servlet-api-2.5/6.1.10/servlet-api-2.5-6.1.10.jar
5ec03000-5ec07000 r--s 00024000 08:07 3290661    /home/susan/.m2/repository/org/mortbay/jetty/jetty-util/6.1.10/jetty-util-6.1.10.jar
5ec07000-5ec0d000 r--s 00074000 08:07 3290650    /home/susan/.m2/repository/org/mortbay/jetty/jetty/6.1.10/jetty-6.1.10.jar
5ec0d000-5ec0f000 r--s 00008000 08:07 3290656    /home/susan/.m2/repository/org/mortbay/jetty/maven-jetty-plugin/6.1.10/maven-jetty-plugin-6.1.10.jar
5ec0f000-5ec10000 r--s 00002000 08:07 3164120    /home/susan/.m2/repository/org/codehaus/plexus/plexus-compiler-javac/1.6/plexus-compiler-javac-1.6.jar
5ec10000-5ec12000 r--s 00000000 08:07 3164115    /home/susan/.m2/repository/org/codehaus/plexus/plexus-compiler-manager/1.6/plexus-compiler-manager-1.6.jar
5ec12000-5ec13000 r--s 00004000 08:07 3164107    /home/susan/.m2/repository/org/codehaus/plexus/plexus-compiler-api/1.6/plexus-compiler-api-1.6.jar
5ec13000-5ec17000 r--s 00030000 08:07 3163918    /home/susan/.m2/repository/org/codehaus/plexus/plexus-utils/1.5.1/plexus-utils-1.5.1.jar
5ec17000-5ec18000 r--s 00006000 08:07 3164790    /home/susan/.m2/repository/org/apache/maven/plugins/maven-compiler-plugin/2.1/maven-compiler-plugin-2.1.jar
5ec18000-5ec22000 r--s 00253000 08:07 1058331    /usr/lib/jvm/java-7-oracle/jre/lib/resources.jar
5ec22000-5ec24000 r--s 00002000 08:07 3165174    /home/susan/.m2/repository/org/apache/ant/ant-launcher/1.8.1/ant-launcher-1.8.1.jar
5ec24000-5ec3b000 r--s 0015b000 08:07 3165169    /home/susan/.m2/repository/org/apache/ant/ant/1.8.1/ant-1.8.1.jar
5ec3b000-5ec42000 r--s 0005d000 08:07 3165161    /home/susan/.m2/repository/org/apache/ant/ant-nodeps/1.8.1/ant-nodeps-1.8.1.jar
5ec42000-5ec44000 r--s 00007000 08:07 3164092    /home/susan/.m2/repository/org/codehaus/plexus/plexus-interpolation/1.1/plexus-interpolation-1.1.jar
5ec44000-5ec46000 r--s 00007000 08:07 3164748    /home/susan/.m2/repository/org/apache/maven/plugins/maven-antrun-plugin/1.4/maven-antrun-plugin-1.4.jar
5ec46000-5ec48000 r--s 0000d000 08:07 3164087    /home/susan/.m2/repository/org/codehaus/plexus/plexus-interpolation/1.12/plexus-interpolation-1.12.jar
5ec48000-5ec49000 r--s 00001000 08:07 3290588    /home/susan/.m2/repository/org/sonatype/plexus/plexus-build-api/0.0.4/plexus-build-api-0.0.4.jar
5ec49000-5ec4b000 r--s 00007000 08:07 3164675    /home/susan/.m2/repository/org/apache/maven/shared/maven-filtering/1.0-beta-3/maven-filtering-1.0-beta-3.jar
5ec4b000-5ec4f000 r--s 00034000 08:07 3163913    /home/susan/.m2/repository/org/codehaus/plexus/plexus-utils/1.5.15/plexus-utils-1.5.15.jar
5ec4f000-5ec52000 r--s 0001b000 08:07 3163015    /home/susan/.m2/repository/junit/junit/3.8.1/junit-3.8.1.jar
5ec52000-5ec53000 r--s 00005000 08:07 3164774    /home/susan/.m2/repository/org/apache/maven/plugins/maven-resources-plugin/2.4/maven-resources-plugin-2.4.jar
5ec53000-5ec58000 r--s 0003d000 08:07 3163903    /home/susan/.m2/repository/org/codehaus/plexus/plexus-utils/1.5.8/plexus-utils-1.5.8.jar
5ec58000-5ec5a000 r--s 00000000 08:07 3164865    /home/susan/.m2/repository/org/apache/maven/reporting/maven-reporting-api/2.0.2/maven-reporting-api-2.0.2.jar
5ec5a000-5ec5d000 ---p 00000000 00:00 0 
5ec5d000-5ecab000 rw-p 00000000 00:00 0 
5ecab000-5ecae000 ---p 00000000 00:00 0 
5ecae000-5ecfc000 rw-p 00000000 00:00 0 
5ecfc000-5ecfe000 r--s 00006000 08:07 3165033    /home/susan/.m2/repository/org/apache/maven/scm/maven-scm-provider-cvsexe/1.7/maven-scm-provider-cvsexe-1.7.jar
5ecfe000-5ed00000 r--s 00008000 08:07 3165012    /home/susan/.m2/repository/org/apache/maven/scm/maven-scm-provider-svn-commons/1.7/maven-scm-provider-svn-commons-1.7.jar
5ed00000-5edfd000 rw-p 00000000 00:00 0 
5edfd000-5ee00000 ---p 00000000 00:00 0 
5ee00000-5eefb000 rw-p 00000000 00:00 0 
5eefb000-5ef00000 ---p 00000000 00:00 0 
5ef00000-5efff000 rw-p 00000000 00:00 0 
5efff000-5f000000 ---p 00000000 00:00 0 
5f000000-5f0fe000 rw-p 00000000 00:00 0 
5f0fe000-5f100000 ---p 00000000 00:00 0 
5f100000-5f1fa000 rw-p 00000000 00:00 0 
5f1fa000-5f200000 ---p 00000000 00:00 0 
5f200000-5f202000 r--s 00008000 08:07 3165028    /home/susan/.m2/repository/org/apache/maven/scm/maven-scm-provider-git-commons/1.7/maven-scm-provider-git-commons-1.7.jar
5f202000-5f205000 ---p 00000000 00:00 0 
5f205000-5f21d000 rw-p 00000000 00:00 0 
5f21d000-5f220000 r--s 0000d000 08:07 3165020    /home/susan/.m2/repository/org/apache/maven/scm/maven-scm-provider-gitexe/1.7/maven-scm-provider-gitexe-1.7.jar
5f220000-5f225000 r--s 00041000 08:07 3165287    /home/susan/.m2/repository/commons-lang/commons-lang/2.6/commons-lang-2.6.jar
5f225000-5f228000 r--s 00010000 08:07 3165001    /home/susan/.m2/repository/org/apache/maven/scm/maven-scm-provider-svnexe/1.7/maven-scm-provider-svnexe-1.7.jar
5f228000-5f22a000 r--s 00005000 08:07 3165281    /home/susan/.m2/repository/regexp/regexp/1.3/regexp-1.3.jar
5f22a000-5f22d000 r--s 0000b000 08:07 3164990    /home/susan/.m2/repository/org/apache/maven/scm/maven-scm-provider-bazaar/1.7/maven-scm-provider-bazaar-1.7.jar
5f22d000-5f22e000 r--s 00002000 08:07 3164982    /home/susan/.m2/repository/org/apache/maven/scm/maven-scm-manager-plexus/1.7/maven-scm-manager-plexus-1.7.jar
5f22e000-5f232000 r--s 00015000 08:07 3164968    /home/susan/.m2/repository/org/apache/maven/scm/maven-scm-api/1.7/maven-scm-api-1.7.jar
5f232000-5f234000 r--s 00002000 08:07 3164011    /home/susan/.m2/repository/org/codehaus/plexus/plexus-interactivity-api/1.0-alpha-4/plexus-interactivity-api-1.0-alpha-4.jar
5f234000-5f236000 r--s 00006000 08:07 3165271    /home/susan/.m2/repository/commons-cli/commons-cli/1.0/commons-cli-1.0.jar
5f236000-5f237000 r--s 00001000 08:07 3164901    /home/susan/.m2/repository/org/apache/maven/doxia/doxia-sink-api/1.0-alpha-7/doxia-sink-api-1.0-alpha-7.jar
5f237000-5f238000 r--s 00002000 08:07 3164860    /home/susan/.m2/repository/org/apache/maven/reporting/maven-reporting-api/2.0.6/maven-reporting-api-2.0.6.jar
5f238000-5f23b000 r--s 000cf000 08:07 3162926    /home/susan/.m2/repository/net/java/dev/jna/jna/3.2.2/jna-3.2.2.jar
5f23b000-5f240000 r--s 00068000 08:07 3290826    /home/susan/.m2/repository/antlr/antlr/2.7.7/antlr-2.7.7.jar
5f240000-5f256000 r--s 001b8000 08:07 3290598    /home/susan/.m2/repository/org/tmatesoft/svnkit/svnkit/1.3.5/svnkit-1.3.5.jar
5f256000-5f258000 r--s 0000e000 08:07 3165061    /home/susan/.m2/repository/org/apache/maven/scm/maven-scm-provider-hg/1.7/maven-scm-provider-hg-1.7.jar
5f258000-5f25a000 r--s 00012000 08:07 3165056    /home/susan/.m2/repository/org/apache/maven/scm/maven-scm-provider-perforce/1.7/maven-scm-provider-perforce-1.7.jar
5f25a000-5f25d000 r--s 0000f000 08:07 3165051    /home/susan/.m2/repository/org/apache/maven/scm/maven-scm-provider-clearcase/1.7/maven-scm-provider-clearcase-1.7.jar
5f25d000-5f260000 r--s 00010000 08:07 3165046    /home/susan/.m2/repository/org/apache/maven/scm/maven-scm-provider-starteam/1.7/maven-scm-provider-starteam-1.7.jar
5f260000-5f263000 r--s 00011000 08:07 3165041    /home/susan/.m2/repository/org/apache/maven/scm/maven-scm-provider-cvs-commons/1.7/maven-scm-provider-cvs-commons-1.7.jar
5f263000-5f264000 r--s 00005000 08:07 3164174    /home/susan/.m2/repository/org/codehaus/mojo/build-helper-maven-plugin/1.5/build-helper-maven-plugin-1.5.jar
5f264000-5f267000 r--s 00027000 08:07 3163258    /home/susan/.m2/repository/org/antlr/stringtemplate/3.2/stringtemplate-3.2.jar
5f267000-5f276000 r--s 000a7000 08:07 3290608    /home/susan/.m2/repository/org/tmatesoft/sqljet/sqljet/1.0.4/sqljet-1.0.4.jar
5f276000-5f27a000 r--s 00033000 08:07 3163898    /home/susan/.m2/repository/org/codehaus/plexus/plexus-utils/2.0.5/plexus-utils-2.0.5.jar
5f27a000-5f27d000 r--s 00022000 08:07 3163247    /home/susan/.m2/repository/org/antlr/antlr-runtime/3.1.3/antlr-runtime-3.1.3.jar
5f27d000-5f282000 r--s 00039000 08:07 3290603    /home/susan/.m2/repository/org/tmatesoft/svnkit/trilead-ssh2/build213-svnkit-1.3-patch/trilead-ssh2-build213-svnkit-1.3-patch.jar
5f282000-5f284000 r--s 0000b000 08:07 3290954    /home/susan/.m2/repository/com/google/code/maven-scm-provider-svnjava/maven-scm-provider-svnjava/1.13/maven-scm-provider-svnjava-1.13.jar
5f284000-5f28a000 r--s 00045000 08:07 1190548    /usr/share/java/commons-httpclient-3.1.jar
5f28a000-5f28d000 ---p 00000000 00:00 0 
5f28d000-5f2db000 rw-p 00000000 00:00 0 
5f2db000-5f2de000 ---p 00000000 00:00 0 
5f2de000-5f32c000 rw-p 00000000 00:00 0 
5f32c000-5f32d000 ---p 00000000 00:00 0 
5f32d000-5f3ad000 rw-p 00000000 00:00 0 
5f3ad000-5f3b0000 ---p 00000000 00:00 0 
5f3b0000-5f3fe000 rw-p 00000000 00:00 0 
5f3fe000-5f401000 ---p 00000000 00:00 0 
5f401000-5f47f000 rw-p 00000000 00:00 0 
5f47f000-5f482000 ---p 00000000 00:00 0 
5f482000-5f500000 rw-p 00000000 00:00 0 
5f500000-5f700000 r--p 00000000 08:07 793184     /usr/lib/locale/locale-archive
5f700000-5f7fd000 rw-p 00000000 00:00 0 
5f7fd000-5f800000 ---p 00000000 00:00 0 
5f800000-5f838000 rw-p 00000000 00:00 0 
5f838000-5f900000 ---p 00000000 00:00 0 
5f900000-5f9f9000 rw-p 00000000 00:00 0 
5f9f9000-5fa00000 ---p 00000000 00:00 0 
5fa00000-5fa04000 r--s 0008b000 08:07 1058347    /usr/lib/jvm/java-7-oracle/jre/lib/jsse.jar
5fa04000-5fa06000 r--s 0000b000 08:07 931239     /usr/share/maven-repo/org/codehaus/plexus/plexus-interpolation/1.11/plexus-interpolation-1.11.jar
5fa06000-5fa08000 r--s 0000a000 08:07 810486     /usr/share/maven/lib/maven-artifact-3.0.4.jar
5fa08000-5fa16000 r-xp 00000000 08:07 1058433    /usr/lib/jvm/java-7-oracle/jre/lib/i386/libnio.so
5fa16000-5fa17000 rw-p 0000e000 08:07 1058433    /usr/lib/jvm/java-7-oracle/jre/lib/i386/libnio.so
5fa17000-5fa23000 r--s 0007c000 08:07 810488     /usr/share/maven/lib/maven-core-3.0.4.jar
5fa23000-5fa26000 ---p 00000000 00:00 0 
5fa26000-5fa74000 rw-p 00000000 00:00 0 
5fa74000-5fa75000 ---p 00000000 00:00 0 
5fa75000-5fb40000 rw-p 00000000 00:00 0 
5fb40000-5fd00000 r--s 039fb000 08:07 1058857    /usr/lib/jvm/java-7-oracle/jre/lib/rt.jar
5fd00000-62a00000 rw-p 00000000 00:00 0 
62a00000-62af5000 rw-p 00000000 00:00 0 
62af5000-62b00000 ---p 00000000 00:00 0 
62b00000-62b01000 r--s 00006000 08:07 3164163    /home/susan/.m2/repository/org/codehaus/mojo/buildnumber-maven-plugin/1.1/buildnumber-maven-plugin-1.1.jar
62b01000-62b04000 r--s 00011000 08:07 1190405    /usr/share/java/commons-codec-1.5.jar
62b04000-62b10000 r--s 00082000 08:07 1057110    /usr/share/maven-repo/org/sonatype/sisu/sisu-guice/3.1.0/sisu-guice-3.1.0.jar
62b10000-62b12000 r--s 00009000 08:07 810492     /usr/share/maven/lib/maven-plugin-api-3.0.4.jar
62b12000-62b14000 r--s 00009000 08:07 810495     /usr/share/maven/lib/maven-settings-3.0.4.jar
62b14000-62b16000 r--s 00025000 08:07 810491     /usr/share/maven/lib/maven-model-3.0.4.jar
62b16000-62b1c000 r--s 0003e000 08:07 810487     /usr/share/maven/lib/maven-compat-3.0.4.jar
62b1c000-62b23000 r--s 00040000 08:07 1192486    /usr/share/java/sisu-inject-bean.jar
62b23000-62b26000 r--s 00013000 08:07 1057216    /usr/share/maven-repo/org/sonatype/aether/aether-api/1.13.1/aether-api-1.13.1.jar
62b26000-62b2a000 r--s 0001c000 08:07 1057208    /usr/share/maven-repo/org/sonatype/aether/aether-util/1.13.1/aether-util-1.13.1.jar
62b2a000-62b2e000 r--s 00020000 08:07 810490     /usr/share/maven/lib/maven-model-builder-3.0.4.jar
62b2e000-62b31000 ---p 00000000 00:00 0 
62b31000-62b7f000 rw-p 00000000 00:00 0 
62b7f000-62b80000 ---p 00000000 00:00 0 
62b80000-62c00000 rw-p 00000000 00:00 0 
62c00000-62cf9000 rw-p 00000000 00:00 0 
62cf9000-62d00000 ---p 00000000 00:00 0 
62d00000-62e00000 rw-p 00000000 00:00 0 
62e00000-62e01000 r--p 00000000 00:00 0 
62e01000-62e18000 r--s 000de000 08:07 1192470    /usr/share/java/guava-r09.jar
62e18000-62e2d000 r-xp 00000000 08:07 1058415    /usr/lib/jvm/java-7-oracle/jre/lib/i386/libnet.so
62e2d000-62e2e000 rw-p 00015000 08:07 1058415    /usr/lib/jvm/java-7-oracle/jre/lib/i386/libnet.so
62e2e000-62e31000 ---p 00000000 00:00 0 
62e31000-62e7f000 rw-p 00000000 00:00 0 
62e7f000-62e80000 ---p 00000000 00:00 0 
62e80000-62f00000 rw-p 00000000 00:00 0 
62f00000-62fff000 rw-p 00000000 00:00 0 
62fff000-63000000 ---p 00000000 00:00 0 
63000000-63002000 r--s 00002000 08:07 1056240    /usr/share/maven-repo/org/sonatype/plexus/plexus-cipher/1.5/plexus-cipher-1.5.jar
63002000-63003000 r--s 00001000 08:07 1192368    /usr/share/java/wagon-http.jar
63003000-63005000 r--s 0000b000 08:07 810485     /usr/share/maven/lib/maven-aether-provider-3.0.4.jar
63005000-63007000 r--s 0000c000 08:07 1190236    /usr/share/java/commons-logging-1.1.1.jar
63007000-63008000 r--s 00006000 08:07 1056246    /usr/share/maven-repo/org/sonatype/plexus/plexus-sec-dispatcher/1.3.1/plexus-sec-dispatcher-1.3.1.jar
63008000-6300c000 r--s 00033000 08:07 1192452    /usr/share/java/plexus-utils2-2.0.5.jar
6300c000-63067000 rw-p 00000000 00:00 0 
63067000-63068000 ---p 00000000 00:00 0 
63068000-630e8000 rw-p 00000000 00:00 0 
630e8000-630e9000 ---p 00000000 00:00 0 
630e9000-63197000 rw-p 00000000 00:00 0 
63197000-631e9000 rw-p 00000000 00:00 0 
631e9000-6323d000 rw-p 00000000 00:00 0 
6323d000-6333f000 rw-p 00000000 00:00 0 
6333f000-6336d000 rw-p 00000000 00:00 0 
6336d000-633bf000 rw-p 00000000 00:00 0 
633bf000-63413000 rw-p 00000000 00:00 0 
63413000-63514000 rw-p 00000000 00:00 0 
63514000-635bf000 rw-p 00000000 00:00 0 
635bf000-69000000 rw-p 00000000 00:00 0 
69000000-735c0000 rw-p 00000000 00:00 0 
735c0000-7ddc0000 rw-p 00000000 00:00 0 
7ddc0000-9e040000 rw-p 00000000 00:00 0 
9e040000-b35c0000 rw-p 00000000 00:00 0 
b35c0000-b35c1000 r--s 00001000 08:07 1190627    /usr/share/java/wagon-file.jar
b35c1000-b35c2000 r--s 00004000 08:07 1190629    /usr/share/java/wagon-http-shared.jar
b35c2000-b35c4000 r--s 00007000 08:07 810494     /usr/share/maven/lib/maven-settings-builder-3.0.4.jar
b35c4000-b35c6000 r--s 00005000 08:07 810493     /usr/share/maven/lib/maven-repository-metadata-3.0.4.jar
b35c6000-b35c8000 r--s 00008000 08:07 810489     /usr/share/maven/lib/maven-embedder-3.0.4.jar
b35c8000-b35ca000 r--s 00000000 08:07 1192455    /usr/share/java/plexus-component-annotations-1.5-1.5.5.jar
b35ca000-b35cb000 r--s 00003000 08:07 1057214    /usr/share/maven-repo/org/sonatype/aether/aether-spi/1.13.1/aether-spi-1.13.1.jar
b35cb000-b35ce000 r--s 0001d000 08:07 1057222    /usr/share/maven-repo/org/sonatype/aether/aether-impl/1.13.1/aether-impl-1.13.1.jar
b35ce000-b3623000 rw-p 00000000 00:00 0 
b3623000-b36ac000 rw-p 00000000 00:00 0 
b36ac000-b443c000 rwxp 00000000 00:00 0 
b443c000-b66ac000 rw-p 00000000 00:00 0 
b66ac000-b66c3000 r-xp 00000000 08:07 1058393    /usr/lib/jvm/java-7-oracle/jre/lib/i386/libzip.so
b66c3000-b66c4000 rw-p 00016000 08:07 1058393    /usr/lib/jvm/java-7-oracle/jre/lib/i386/libzip.so
b66c4000-b66cf000 r-xp 00000000 08:07 3288651    /lib/i386-linux-gnu/libnss_files-2.15.so
b66cf000-b66d0000 r--p 0000a000 08:07 3288651    /lib/i386-linux-gnu/libnss_files-2.15.so
b66d0000-b66d1000 rw-p 0000b000 08:07 3288651    /lib/i386-linux-gnu/libnss_files-2.15.so
b66d1000-b66db000 r-xp 00000000 08:07 3288707    /lib/i386-linux-gnu/libnss_nis-2.15.so
b66db000-b66dc000 r--p 00009000 08:07 3288707    /lib/i386-linux-gnu/libnss_nis-2.15.so
b66dc000-b66dd000 rw-p 0000a000 08:07 3288707    /lib/i386-linux-gnu/libnss_nis-2.15.so
b66dd000-b66f3000 r-xp 00000000 08:07 3288630    /lib/i386-linux-gnu/libnsl-2.15.so
b66f3000-b66f4000 r--p 00015000 08:07 3288630    /lib/i386-linux-gnu/libnsl-2.15.so
b66f4000-b66f5000 rw-p 00016000 08:07 3288630    /lib/i386-linux-gnu/libnsl-2.15.so
b66f5000-b66f7000 rw-p 00000000 00:00 0 
b66f7000-b66fe000 r-xp 00000000 08:07 3288654    /lib/i386-linux-gnu/libnss_compat-2.15.so
b66fe000-b66ff000 r--p 00006000 08:07 3288654    /lib/i386-linux-gnu/libnss_compat-2.15.so
b66ff000-b6700000 rw-p 00007000 08:07 3288654    /lib/i386-linux-gnu/libnss_compat-2.15.so
b6700000-b67f6000 rw-p 00000000 00:00 0 
b67f6000-b6800000 ---p 00000000 00:00 0 
b6800000-b6802000 r--s 00006000 08:07 1057225    /usr/share/maven-repo/org/sonatype/aether/aether-connector-wagon/1.13.1/aether-connector-wagon-1.13.1.jar
b6802000-b6808000 r--s 0002c000 08:07 1192494    /usr/share/java/sisu-inject-plexus.jar
b6808000-b680a000 r--s 00007000 08:07 1190371    /usr/share/java/commons-cli-1.2.jar
b680a000-b680c000 r--s 00003000 08:07 1190373    /usr/share/java/jsr305-0.1~+svn49.jar
b680c000-b680e000 r--s 0000a000 08:07 1190625    /usr/share/java/wagon-provider-api.jar
b680e000-b680f000 r-xp 00000000 08:07 3672555    /home/susan/Desktop/programs/idea-IU-141.713.2/bin/libbreakgen.so
b680f000-b6810000 rw-p 00000000 08:07 3672555    /home/susan/Desktop/programs/idea-IU-141.713.2/bin/libbreakgen.so
b6810000-b6818000 rw-s 00000000 08:07 1179883    /tmp/hsperfdata_susan/3738
b6818000-b683b000 r-xp 00000000 08:07 1058421    /usr/lib/jvm/java-7-oracle/jre/lib/i386/libjava.so
b683b000-b683c000 rw-p 00023000 08:07 1058421    /usr/lib/jvm/java-7-oracle/jre/lib/i386/libjava.so
b683c000-b6843000 r-xp 00000000 08:07 3288705    /lib/i386-linux-gnu/librt-2.15.so
b6843000-b6844000 r--p 00006000 08:07 3288705    /lib/i386-linux-gnu/librt-2.15.so
b6844000-b6845000 rw-p 00007000 08:07 3288705    /lib/i386-linux-gnu/librt-2.15.so
b6845000-b6848000 ---p 00000000 00:00 0 
b6848000-b6896000 rw-p 00000000 00:00 0 
b6896000-b68c0000 r-xp 00000000 08:07 3288653    /lib/i386-linux-gnu/libm-2.15.so
b68c0000-b68c1000 r--p 00029000 08:07 3288653    /lib/i386-linux-gnu/libm-2.15.so
b68c1000-b68c2000 rw-p 0002a000 08:07 3288653    /lib/i386-linux-gnu/libm-2.15.so
b68c2000-b7149000 r-xp 00000000 08:07 1058379    /usr/lib/jvm/java-7-oracle/jre/lib/i386/server/libjvm.so
b7149000-b71ad000 rw-p 00886000 08:07 1058379    /usr/lib/jvm/java-7-oracle/jre/lib/i386/server/libjvm.so
b71ad000-b75d1000 rw-p 00000000 00:00 0 
b75d1000-b7775000 r-xp 00000000 08:07 3288634    /lib/i386-linux-gnu/libc-2.15.so
b7775000-b7777000 r--p 001a4000 08:07 3288634    /lib/i386-linux-gnu/libc-2.15.so
b7777000-b7778000 rw-p 001a6000 08:07 3288634    /lib/i386-linux-gnu/libc-2.15.so
b7778000-b777b000 rw-p 00000000 00:00 0 
b777b000-b777e000 r-xp 00000000 08:07 3288643    /lib/i386-linux-gnu/libdl-2.15.so
b777e000-b777f000 r--p 00002000 08:07 3288643    /lib/i386-linux-gnu/libdl-2.15.so
b777f000-b7780000 rw-p 00003000 08:07 3288643    /lib/i386-linux-gnu/libdl-2.15.so
b7780000-b7781000 rw-p 00000000 00:00 0 
b7781000-b7795000 r-xp 00000000 08:07 1058381    /usr/lib/jvm/java-7-oracle/jre/lib/i386/jli/libjli.so
b7795000-b7796000 rw-p 00013000 08:07 1058381    /usr/lib/jvm/java-7-oracle/jre/lib/i386/jli/libjli.so
b7796000-b77ad000 r-xp 00000000 08:07 3288652    /lib/i386-linux-gnu/libpthread-2.15.so
b77ad000-b77ae000 r--p 00016000 08:07 3288652    /lib/i386-linux-gnu/libpthread-2.15.so
b77ae000-b77af000 rw-p 00017000 08:07 3288652    /lib/i386-linux-gnu/libpthread-2.15.so
b77af000-b77b1000 rw-p 00000000 00:00 0 
b77b1000-b77b3000 r--s 00016000 08:07 3672650    /home/susan/Desktop/programs/idea-IU-141.713.2/lib/idea_rt.jar
b77b3000-b77b5000 r--s 0000a000 08:07 1190351    /usr/share/java/plexus-classworlds2-2.4.jar
b77b5000-b77b6000 r--p 005e0000 08:07 793184     /usr/lib/locale/locale-archive
b77b6000-b77b7000 rw-p 00000000 00:00 0 
b77b7000-b77b8000 r--p 00000000 00:00 0 
b77b8000-b77c3000 r-xp 00000000 08:07 1058380    /usr/lib/jvm/java-7-oracle/jre/lib/i386/libverify.so
b77c3000-b77c4000 rw-p 0000b000 08:07 1058380    /usr/lib/jvm/java-7-oracle/jre/lib/i386/libverify.so
b77c4000-b77c6000 rw-p 00000000 00:00 0 
b77c6000-b77c7000 r-xp 00000000 00:00 0          [vdso]
b77c7000-b77e7000 r-xp 00000000 08:07 3288704    /lib/i386-linux-gnu/ld-2.15.so
b77e7000-b77e8000 r--p 0001f000 08:07 3288704    /lib/i386-linux-gnu/ld-2.15.so
b77e8000-b77e9000 rw-p 00020000 08:07 3288704    /lib/i386-linux-gnu/ld-2.15.so
bf94e000-bf94f000 rwxp 00000000 00:00 0 
bf981000-bf9a2000 rw-p 00000000 00:00 0          [stack]

VM Arguments:
jvm_args: -Xmx1024m -XX:MaxPermSize=256m -Dmaven.home=/usr/share/maven -Dclassworlds.conf=/usr/share/maven/bin/m2.conf -Didea.launcher.port=7533 -Didea.launcher.bin.path=/home/susan/Desktop/programs/idea-IU-141.713.2/bin -Dfile.encoding=UTF-8 
java_command: com.intellij.rt.execution.application.AppMain org.codehaus.classworlds.Launcher -Didea.version=14.1.2 -DskipTests=true -Dwebapp.name=openmrs jetty:run
Launcher Type: SUN_STANDARD

Environment Variables:
JAVA_HOME=/usr/lib/jvm/java-7-oracle
PATH=/usr/lib/lightdm/lightdm:/usr/local/sbin:/usr/local/bin:/usr/sbin:/usr/bin:/sbin:/bin:/usr/games
LD_LIBRARY_PATH=/home/susan/Desktop/programs/idea-IU-141.713.2/bin:
SHELL=/bin/bash
DISPLAY=:0.0

Signal Handlers:
SIGSEGV: [libjvm.so+0x7eb160], sa_mask[0]=0x7ffbfeff, sa_flags=0x10000004
SIGBUS: [libjvm.so+0x7eb160], sa_mask[0]=0x7ffbfeff, sa_flags=0x10000004
SIGFPE: [libjvm.so+0x684ac0], sa_mask[0]=0x7ffbfeff, sa_flags=0x10000004
SIGPIPE: [libjvm.so+0x684ac0], sa_mask[0]=0x7ffbfeff, sa_flags=0x10000004
SIGXFSZ: [libjvm.so+0x684ac0], sa_mask[0]=0x7ffbfeff, sa_flags=0x10000004
SIGILL: [libjvm.so+0x684ac0], sa_mask[0]=0x7ffbfeff, sa_flags=0x10000004
SIGUSR1: SIG_DFL, sa_mask[0]=0x00000000, sa_flags=0x00000000
SIGUSR2: [libjvm.so+0x686330], sa_mask[0]=0x00000004, sa_flags=0x10000004
SIGHUP: [libjvm.so+0x687660], sa_mask[0]=0x7ffbfeff, sa_flags=0x10000004
SIGINT: [libjvm.so+0x687660], sa_mask[0]=0x7ffbfeff, sa_flags=0x10000004
SIGTERM: [libjvm.so+0x687660], sa_mask[0]=0x7ffbfeff, sa_flags=0x10000004
SIGQUIT: [libjvm.so+0x687660], sa_mask[0]=0x7ffbfeff, sa_flags=0x10000004


---------------  S Y S T E M  ---------------

OS:wheezy/sid

uname:Linux 3.2.0-83-generic-pae #120-Ubuntu SMP Wed Apr 29 15:55:27 UTC 2015 i686
libc:glibc 2.15 NPTL 2.15 
rlimit: STACK 8192k, CORE 0k, NPROC 31206, NOFILE 4096, AS infinity
load average:2.93 1.53 1.16

/proc/meminfo:
MemTotal:        4009080 kB
MemFree:          234228 kB
Buffers:           98816 kB
Cached:          1351752 kB
SwapCached:            4 kB
Active:          2484976 kB
Inactive:        1185456 kB
Active(anon):    1905892 kB
Inactive(anon):   498340 kB
Active(file):     579084 kB
Inactive(file):   687116 kB
Unevictable:           0 kB
Mlocked:               0 kB
HighTotal:       3174152 kB
HighFree:          46004 kB
LowTotal:         834928 kB
LowFree:          188224 kB
SwapTotal:       4085276 kB
SwapFree:        4085248 kB
Dirty:             49700 kB
Writeback:          4400 kB
AnonPages:       2219768 kB
Mapped:           168984 kB
Shmem:            184600 kB
Slab:              65172 kB
SReclaimable:      45256 kB
SUnreclaim:        19916 kB
KernelStack:        4688 kB
PageTables:        12288 kB
NFS_Unstable:          0 kB
Bounce:                0 kB
WritebackTmp:          0 kB
CommitLimit:     6089816 kB
Committed_AS:    5621836 kB
VmallocTotal:     122880 kB
VmallocUsed:       17192 kB
VmallocChunk:     104184 kB
HardwareCorrupted:     0 kB
AnonHugePages:         0 kB
HugePages_Total:       0
HugePages_Free:        0
HugePages_Rsvd:        0
HugePages_Surp:        0
Hugepagesize:       2048 kB
DirectMap4k:       10232 kB
DirectMap2M:      903168 kB


CPU:total 4 (2 cores per cpu, 2 threads per core) family 6 model 42 stepping 7, cmov, cx8, fxsr, mmx, sse, sse2, sse3, ssse3, sse4.1, sse4.2, popcnt, avx, ht, tsc, tscinvbit

/proc/cpuinfo:
processor	: 0
vendor_id	: GenuineIntel
cpu family	: 6
model		: 42
model name	: Intel(R) Core(TM) i3-2348M CPU @ 2.30GHz
stepping	: 7
microcode	: 0x28
cpu MHz		: 2300.000
cache size	: 3072 KB
physical id	: 0
siblings	: 4
core id		: 0
cpu cores	: 2
apicid		: 0
initial apicid	: 0
fdiv_bug	: no
hlt_bug		: no
f00f_bug	: no
coma_bug	: no
fpu		: yes
fpu_exception	: yes
cpuid level	: 13
wp		: yes
flags		: fpu vme de pse tsc msr pae mce cx8 apic sep mtrr pge mca cmov pat pse36 clflush dts acpi mmx fxsr sse sse2 ss ht tm pbe nx rdtscp lm constant_tsc arch_perfmon pebs bts xtopology nonstop_tsc aperfmperf pni pclmulqdq dtes64 monitor ds_cpl vmx est tm2 ssse3 cx16 xtpr pdcm pcid sse4_1 sse4_2 x2apic popcnt tsc_deadline_timer xsave avx lahf_lm arat epb xsaveopt pln pts dtherm tpr_shadow vnmi flexpriority ept vpid
bogomips	: 4589.79
clflush size	: 64
cache_alignment	: 64
address sizes	: 36 bits physical, 48 bits virtual
power management:

processor	: 1
vendor_id	: GenuineIntel
cpu family	: 6
model		: 42
model name	: Intel(R) Core(TM) i3-2348M CPU @ 2.30GHz
stepping	: 7
microcode	: 0x28
cpu MHz		: 2300.000
cache size	: 3072 KB
physical id	: 0
siblings	: 4
core id		: 0
cpu cores	: 2
apicid		: 1
initial apicid	: 1
fdiv_bug	: no
hlt_bug		: no
f00f_bug	: no
coma_bug	: no
fpu		: yes
fpu_exception	: yes
cpuid level	: 13
wp		: yes
flags		: fpu vme de pse tsc msr pae mce cx8 apic sep mtrr pge mca cmov pat pse36 clflush dts acpi mmx fxsr sse sse2 ss ht tm pbe nx rdtscp lm constant_tsc arch_perfmon pebs bts xtopology nonstop_tsc aperfmperf pni pclmulqdq dtes64 monitor ds_cpl vmx est tm2 ssse3 cx16 xtpr pdcm pcid sse4_1 sse4_2 x2apic popcnt tsc_deadline_timer xsave avx lahf_lm arat epb xsaveopt pln pts dtherm tpr_shadow vnmi flexpriority ept vpid
bogomips	: 4589.53
clflush size	: 64
cache_alignment	: 64
address sizes	: 36 bits physical, 48 bits virtual
power management:

processor	: 2
vendor_id	: GenuineIntel
cpu family	: 6
model		: 42
model name	: Intel(R) Core(TM) i3-2348M CPU @ 2.30GHz
stepping	: 7
microcode	: 0x28
cpu MHz		: 2300.000
cache size	: 3072 KB
physical id	: 0
siblings	: 4
core id		: 1
cpu cores	: 2
apicid		: 2
initial apicid	: 2
fdiv_bug	: no
hlt_bug		: no
f00f_bug	: no
coma_bug	: no
fpu		: yes
fpu_exception	: yes
cpuid level	: 13
wp		: yes
flags		: fpu vme de pse tsc msr pae mce cx8 apic sep mtrr pge mca cmov pat pse36 clflush dts acpi mmx fxsr sse sse2 ss ht tm pbe nx rdtscp lm constant_tsc arch_perfmon pebs bts xtopology nonstop_tsc aperfmperf pni pclmulqdq dtes64 monitor ds_cpl vmx est tm2 ssse3 cx16 xtpr pdcm pcid sse4_1 sse4_2 x2apic popcnt tsc_deadline_timer xsave avx lahf_lm arat epb xsaveopt pln pts dtherm tpr_shadow vnmi flexpriority ept vpid
bogomips	: 4589.54
clflush size	: 64
cache_alignment	: 64
address sizes	: 36 bits physical, 48 bits virtual
power management:

processor	: 3
vendor_id	: GenuineIntel
cpu family	: 6
model		: 42
model name	: Intel(R) Core(TM) i3-2348M CPU @ 2.30GHz
stepping	: 7
microcode	: 0x28
cpu MHz		: 2300.000
cache size	: 3072 KB
physical id	: 0
siblings	: 4
core id		: 1
cpu cores	: 2
apicid		: 3
initial apicid	: 3
fdiv_bug	: no
hlt_bug		: no
f00f_bug	: no
coma_bug	: no
fpu		: yes
fpu_exception	: yes
cpuid level	: 13
wp		: yes
flags		: fpu vme de pse tsc msr pae mce cx8 apic sep mtrr pge mca cmov pat pse36 clflush dts acpi mmx fxsr sse sse2 ss ht tm pbe nx rdtscp lm constant_tsc arch_perfmon pebs bts xtopology nonstop_tsc aperfmperf pni pclmulqdq dtes64 monitor ds_cpl vmx est tm2 ssse3 cx16 xtpr pdcm pcid sse4_1 sse4_2 x2apic popcnt tsc_deadline_timer xsave avx lahf_lm arat epb xsaveopt pln pts dtherm tpr_shadow vnmi flexpriority ept vpid
bogomips	: 4589.54
clflush size	: 64
cache_alignment	: 64
address sizes	: 36 bits physical, 48 bits virtual
power management:



Memory: 4k page, physical 4009080k(233980k free), swap 4085276k(4085248k free)

vm_info: Java HotSpot(TM) Server VM (24.80-b11) for linux-x86 JRE (1.7.0_80-b15), built on Apr 10 2015 12:29:10 by "java_re" with gcc 4.3.0 20080428 (Red Hat 4.3.0-8)

time: Wed May 20 17:44:38 2015
elapsed time: 988 seconds

